{"/Users/yo/Downloads/OneDrive_2025-11-28/PlayRight Automations/amazon-invoice-bot/src/app.js": {"path":"/Users/yo/Downloads/OneDrive_2025-11-28/PlayRight Automations/amazon-invoice-bot/src/app.js","statementMap":{"0":{"start":{"line":1,"column":16},"end":{"line":1,"column":34}},"1":{"start":{"line":2,"column":13},"end":{"line":2,"column":28}},"2":{"start":{"line":3,"column":15},"end":{"line":3,"column":32}},"3":{"start":{"line":4,"column":13},"end":{"line":4,"column":28}},"4":{"start":{"line":5,"column":18},"end":{"line":5,"column":47}},"5":{"start":{"line":6,"column":11},"end":{"line":6,"column":24}},"6":{"start":{"line":7,"column":22},"end":{"line":7,"column":55}},"7":{"start":{"line":8,"column":27},"end":{"line":8,"column":65}},"8":{"start":{"line":9,"column":28},"end":{"line":9,"column":67}},"9":{"start":{"line":10,"column":18},"end":{"line":10,"column":47}},"10":{"start":{"line":12,"column":12},"end":{"line":12,"column":21}},"11":{"start":{"line":16,"column":0},"end":{"line":16,"column":50}},"12":{"start":{"line":18,"column":23},"end":{"line":18,"column":89}},"13":{"start":{"line":18,"column":80},"end":{"line":18,"column":88}},"14":{"start":{"line":19,"column":0},"end":{"line":25,"column":4}},"15":{"start":{"line":21,"column":4},"end":{"line":21,"column":106}},"16":{"start":{"line":21,"column":84},"end":{"line":21,"column":106}},"17":{"start":{"line":22,"column":4},"end":{"line":22,"column":38}},"18":{"start":{"line":28,"column":16},"end":{"line":31,"column":2}},"19":{"start":{"line":32,"column":0},"end":{"line":32,"column":17}},"20":{"start":{"line":35,"column":0},"end":{"line":35,"column":24}},"21":{"start":{"line":36,"column":0},"end":{"line":36,"column":48}},"22":{"start":{"line":39,"column":0},"end":{"line":39,"column":42}},"23":{"start":{"line":40,"column":0},"end":{"line":40,"column":53}},"24":{"start":{"line":41,"column":0},"end":{"line":41,"column":56}},"25":{"start":{"line":42,"column":0},"end":{"line":42,"column":34}},"26":{"start":{"line":45,"column":0},"end":{"line":62,"column":3}},"27":{"start":{"line":46,"column":14},"end":{"line":46,"column":28}},"28":{"start":{"line":48,"column":2},"end":{"line":48,"column":83}},"29":{"start":{"line":48,"column":34},"end":{"line":48,"column":83}},"30":{"start":{"line":50,"column":18},"end":{"line":55,"column":3}},"31":{"start":{"line":56,"column":20},"end":{"line":56,"column":66}},"32":{"start":{"line":56,"column":43},"end":{"line":56,"column":65}},"33":{"start":{"line":57,"column":2},"end":{"line":57,"column":85}},"34":{"start":{"line":57,"column":18},"end":{"line":57,"column":85}},"35":{"start":{"line":59,"column":14},"end":{"line":59,"column":45}},"36":{"start":{"line":60,"column":2},"end":{"line":60,"column":80}},"37":{"start":{"line":60,"column":27},"end":{"line":60,"column":80}},"38":{"start":{"line":61,"column":2},"end":{"line":61,"column":20}},"39":{"start":{"line":65,"column":24},"end":{"line":65,"column":62}},"40":{"start":{"line":66,"column":0},"end":{"line":77,"column":1}},"41":{"start":{"line":67,"column":2},"end":{"line":72,"column":6}},"42":{"start":{"line":70,"column":6},"end":{"line":70,"column":49}},"43":{"start":{"line":73,"column":2},"end":{"line":76,"column":5}},"44":{"start":{"line":74,"column":4},"end":{"line":74,"column":47}},"45":{"start":{"line":75,"column":4},"end":{"line":75,"column":59}},"46":{"start":{"line":80,"column":0},"end":{"line":84,"column":3}},"47":{"start":{"line":81,"column":17},"end":{"line":81,"column":42}},"48":{"start":{"line":82,"column":2},"end":{"line":82,"column":26}},"49":{"start":{"line":83,"column":2},"end":{"line":83,"column":43}},"50":{"start":{"line":86,"column":0},"end":{"line":86,"column":21}}},"fnMap":{"0":{"name":"(anonymous_0)","decl":{"start":{"line":18,"column":75},"end":{"line":18,"column":76}},"loc":{"start":{"line":18,"column":80},"end":{"line":18,"column":88}},"line":18},"1":{"name":"(anonymous_1)","decl":{"start":{"line":20,"column":10},"end":{"line":20,"column":11}},"loc":{"start":{"line":20,"column":26},"end":{"line":23,"column":3}},"line":20},"2":{"name":"(anonymous_2)","decl":{"start":{"line":45,"column":21},"end":{"line":45,"column":22}},"loc":{"start":{"line":45,"column":35},"end":{"line":62,"column":1}},"line":45},"3":{"name":"(anonymous_3)","decl":{"start":{"line":56,"column":33},"end":{"line":56,"column":34}},"loc":{"start":{"line":56,"column":43},"end":{"line":56,"column":65}},"line":56},"4":{"name":"(anonymous_4)","decl":{"start":{"line":68,"column":16},"end":{"line":68,"column":17}},"loc":{"start":{"line":68,"column":35},"end":{"line":71,"column":5}},"line":68},"5":{"name":"(anonymous_5)","decl":{"start":{"line":73,"column":15},"end":{"line":73,"column":16}},"loc":{"start":{"line":73,"column":29},"end":{"line":76,"column":3}},"line":73},"6":{"name":"(anonymous_6)","decl":{"start":{"line":80,"column":8},"end":{"line":80,"column":9}},"loc":{"start":{"line":80,"column":33},"end":{"line":84,"column":1}},"line":80}},"branchMap":{"0":{"loc":{"start":{"line":18,"column":24},"end":{"line":18,"column":58}},"type":"binary-expr","locations":[{"start":{"line":18,"column":24},"end":{"line":18,"column":51}},{"start":{"line":18,"column":55},"end":{"line":18,"column":58}}],"line":18},"1":{"loc":{"start":{"line":21,"column":4},"end":{"line":21,"column":106}},"type":"if","locations":[{"start":{"line":21,"column":4},"end":{"line":21,"column":106}},{"start":{},"end":{}}],"line":21},"2":{"loc":{"start":{"line":21,"column":8},"end":{"line":21,"column":82}},"type":"binary-expr","locations":[{"start":{"line":21,"column":8},"end":{"line":21,"column":15}},{"start":{"line":21,"column":19},"end":{"line":21,"column":47}},{"start":{"line":21,"column":51},"end":{"line":21,"column":82}}],"line":21},"3":{"loc":{"start":{"line":48,"column":2},"end":{"line":48,"column":83}},"type":"if","locations":[{"start":{"line":48,"column":2},"end":{"line":48,"column":83}},{"start":{},"end":{}}],"line":48},"4":{"loc":{"start":{"line":48,"column":6},"end":{"line":48,"column":32}},"type":"binary-expr","locations":[{"start":{"line":48,"column":6},"end":{"line":48,"column":10}},{"start":{"line":48,"column":14},"end":{"line":48,"column":32}}],"line":48},"5":{"loc":{"start":{"line":57,"column":2},"end":{"line":57,"column":85}},"type":"if","locations":[{"start":{"line":57,"column":2},"end":{"line":57,"column":85}},{"start":{},"end":{}}],"line":57},"6":{"loc":{"start":{"line":60,"column":2},"end":{"line":60,"column":80}},"type":"if","locations":[{"start":{"line":60,"column":2},"end":{"line":60,"column":80}},{"start":{},"end":{}}],"line":60},"7":{"loc":{"start":{"line":66,"column":0},"end":{"line":77,"column":1}},"type":"if","locations":[{"start":{"line":66,"column":0},"end":{"line":77,"column":1}},{"start":{},"end":{}}],"line":66}},"s":{"0":1,"1":1,"2":1,"3":1,"4":1,"5":1,"6":1,"7":1,"8":1,"9":1,"10":1,"11":1,"12":1,"13":1,"14":1,"15":3,"16":3,"17":0,"18":1,"19":1,"20":1,"21":1,"22":1,"23":1,"24":1,"25":1,"26":1,"27":0,"28":0,"29":0,"30":0,"31":0,"32":0,"33":0,"34":0,"35":0,"36":0,"37":0,"38":0,"39":1,"40":1,"41":1,"42":0,"43":1,"44":0,"45":0,"46":1,"47":0,"48":0,"49":0,"50":1},"f":{"0":1,"1":3,"2":0,"3":0,"4":0,"5":0,"6":0},"b":{"0":[1,1],"1":[3,0],"2":[3,0,0],"3":[0,0],"4":[0,0],"5":[0,0],"6":[0,0],"7":[1,0]},"_coverageSchema":"1a1c01bbd47fc00a2c39e90264f33305004495a9","hash":"4fe2c6d40a30037fee0397a12a6b69aabfbcaedd"}
,"/Users/yo/Downloads/OneDrive_2025-11-28/PlayRight Automations/amazon-invoice-bot/src/adapters/ebayParser.js": {"path":"/Users/yo/Downloads/OneDrive_2025-11-28/PlayRight Automations/amazon-invoice-bot/src/adapters/ebayParser.js","statementMap":{"0":{"start":{"line":3,"column":16},"end":{"line":3,"column":34}},"1":{"start":{"line":6,"column":12},"end":{"line":6,"column":30}},"2":{"start":{"line":7,"column":17},"end":{"line":7,"column":29}},"3":{"start":{"line":8,"column":18},"end":{"line":8,"column":20}},"4":{"start":{"line":9,"column":2},"end":{"line":37,"column":5}},"5":{"start":{"line":10,"column":4},"end":{"line":10,"column":46}},"6":{"start":{"line":10,"column":33},"end":{"line":10,"column":46}},"7":{"start":{"line":11,"column":16},"end":{"line":11,"column":21}},"8":{"start":{"line":12,"column":18},"end":{"line":12,"column":58}},"9":{"start":{"line":13,"column":4},"end":{"line":13,"column":57}},"10":{"start":{"line":13,"column":50},"end":{"line":13,"column":57}},"11":{"start":{"line":14,"column":21},"end":{"line":14,"column":61}},"12":{"start":{"line":15,"column":16},"end":{"line":15,"column":60}},"13":{"start":{"line":16,"column":22},"end":{"line":16,"column":91}},"14":{"start":{"line":17,"column":21},"end":{"line":17,"column":64}},"15":{"start":{"line":19,"column":4},"end":{"line":36,"column":5}},"16":{"start":{"line":20,"column":6},"end":{"line":35,"column":9}},"17":{"start":{"line":38,"column":2},"end":{"line":38,"column":17}},"18":{"start":{"line":41,"column":0},"end":{"line":41,"column":33}}},"fnMap":{"0":{"name":"parseOffers","decl":{"start":{"line":5,"column":9},"end":{"line":5,"column":20}},"loc":{"start":{"line":5,"column":57},"end":{"line":39,"column":1}},"line":5},"1":{"name":"(anonymous_1)","decl":{"start":{"line":9,"column":14},"end":{"line":9,"column":15}},"loc":{"start":{"line":9,"column":25},"end":{"line":37,"column":3}},"line":9}},"branchMap":{"0":{"loc":{"start":{"line":5,"column":27},"end":{"line":5,"column":55}},"type":"default-arg","locations":[{"start":{"line":5,"column":53},"end":{"line":5,"column":55}}],"line":5},"1":{"loc":{"start":{"line":5,"column":38},"end":{"line":5,"column":48}},"type":"default-arg","locations":[{"start":{"line":5,"column":46},"end":{"line":5,"column":48}}],"line":5},"2":{"loc":{"start":{"line":10,"column":4},"end":{"line":10,"column":46}},"type":"if","locations":[{"start":{"line":10,"column":4},"end":{"line":10,"column":46}},{"start":{},"end":{}}],"line":10},"3":{"loc":{"start":{"line":13,"column":4},"end":{"line":13,"column":57}},"type":"if","locations":[{"start":{"line":13,"column":4},"end":{"line":13,"column":57}},{"start":{},"end":{}}],"line":13},"4":{"loc":{"start":{"line":13,"column":8},"end":{"line":13,"column":48}},"type":"binary-expr","locations":[{"start":{"line":13,"column":8},"end":{"line":13,"column":14}},{"start":{"line":13,"column":18},"end":{"line":13,"column":48}}],"line":13},"5":{"loc":{"start":{"line":15,"column":16},"end":{"line":15,"column":60}},"type":"binary-expr","locations":[{"start":{"line":15,"column":16},"end":{"line":15,"column":54}},{"start":{"line":15,"column":58},"end":{"line":15,"column":60}}],"line":15},"6":{"loc":{"start":{"line":16,"column":22},"end":{"line":16,"column":91}},"type":"binary-expr","locations":[{"start":{"line":16,"column":22},"end":{"line":16,"column":81}},{"start":{"line":16,"column":85},"end":{"line":16,"column":91}}],"line":16},"7":{"loc":{"start":{"line":19,"column":4},"end":{"line":36,"column":5}},"type":"if","locations":[{"start":{"line":19,"column":4},"end":{"line":36,"column":5}},{"start":{},"end":{}}],"line":19}},"s":{"0":1,"1":1,"2":1,"3":1,"4":1,"5":2,"6":0,"7":2,"8":2,"9":2,"10":0,"11":2,"12":2,"13":2,"14":2,"15":2,"16":2,"17":1,"18":1},"f":{"0":1,"1":2},"b":{"0":[0],"1":[0],"2":[0,2],"3":[0,2],"4":[2,2],"5":[2,0],"6":[2,0],"7":[2,0]},"_coverageSchema":"1a1c01bbd47fc00a2c39e90264f33305004495a9","hash":"e116fc0ef793b0da15ed5743c205b529a94cf4d4"}
,"/Users/yo/Downloads/OneDrive_2025-11-28/PlayRight Automations/amazon-invoice-bot/src/config/config.js": {"path":"/Users/yo/Downloads/OneDrive_2025-11-28/PlayRight Automations/amazon-invoice-bot/src/config/config.js","statementMap":{"0":{"start":{"line":1,"column":0},"end":{"line":1,"column":27}},"1":{"start":{"line":3,"column":15},"end":{"line":13,"column":1}},"2":{"start":{"line":16,"column":0},"end":{"line":18,"column":1}},"3":{"start":{"line":17,"column":4},"end":{"line":17,"column":96}},"4":{"start":{"line":20,"column":0},"end":{"line":20,"column":24}}},"fnMap":{},"branchMap":{"0":{"loc":{"start":{"line":4,"column":10},"end":{"line":4,"column":34}},"type":"binary-expr","locations":[{"start":{"line":4,"column":10},"end":{"line":4,"column":26}},{"start":{"line":4,"column":30},"end":{"line":4,"column":34}}],"line":4},"1":{"loc":{"start":{"line":5,"column":9},"end":{"line":5,"column":46}},"type":"binary-expr","locations":[{"start":{"line":5,"column":9},"end":{"line":5,"column":29}},{"start":{"line":5,"column":33},"end":{"line":5,"column":46}}],"line":5},"2":{"loc":{"start":{"line":11,"column":29},"end":{"line":11,"column":64}},"type":"binary-expr","locations":[{"start":{"line":11,"column":29},"end":{"line":11,"column":53}},{"start":{"line":11,"column":57},"end":{"line":11,"column":64}}],"line":11},"3":{"loc":{"start":{"line":16,"column":0},"end":{"line":18,"column":1}},"type":"if","locations":[{"start":{"line":16,"column":0},"end":{"line":18,"column":1}},{"start":{},"end":{}}],"line":16},"4":{"loc":{"start":{"line":16,"column":4},"end":{"line":16,"column":52}},"type":"binary-expr","locations":[{"start":{"line":16,"column":4},"end":{"line":16,"column":26}},{"start":{"line":16,"column":30},"end":{"line":16,"column":52}}],"line":16}},"s":{"0":1,"1":1,"2":1,"3":0,"4":1},"f":{},"b":{"0":[1,1],"1":[1,0],"2":[1,1],"3":[0,1],"4":[1,1]},"_coverageSchema":"1a1c01bbd47fc00a2c39e90264f33305004495a9","hash":"9752627dfbb81d93829791266d9657c32fee8fb3"}
,"/Users/yo/Downloads/OneDrive_2025-11-28/PlayRight Automations/amazon-invoice-bot/src/controllers/amazonInvoiceController.js": {"path":"/Users/yo/Downloads/OneDrive_2025-11-28/PlayRight Automations/amazon-invoice-bot/src/controllers/amazonInvoiceController.js","statementMap":{"0":{"start":{"line":1,"column":13},"end":{"line":1,"column":28}},"1":{"start":{"line":2,"column":11},"end":{"line":2,"column":24}},"2":{"start":{"line":3,"column":18},"end":{"line":3,"column":42}},"3":{"start":{"line":4,"column":62},"end":{"line":4,"column":92}},"4":{"start":{"line":5,"column":15},"end":{"line":5,"column":41}},"5":{"start":{"line":7,"column":0},"end":{"line":42,"column":2}},"6":{"start":{"line":8,"column":2},"end":{"line":41,"column":3}},"7":{"start":{"line":9,"column":72},"end":{"line":9,"column":80}},"8":{"start":{"line":10,"column":16},"end":{"line":10,"column":101}},"9":{"start":{"line":11,"column":4},"end":{"line":11,"column":33}},"10":{"start":{"line":13,"column":23},"end":{"line":13,"column":75}},"11":{"start":{"line":14,"column":17},"end":{"line":23,"column":21}},"12":{"start":{"line":25,"column":4},"end":{"line":25,"column":58}},"13":{"start":{"line":26,"column":18},"end":{"line":26,"column":87}},"14":{"start":{"line":28,"column":4},"end":{"line":28,"column":66}},"15":{"start":{"line":28,"column":33},"end":{"line":28,"column":64}},"16":{"start":{"line":29,"column":4},"end":{"line":29,"column":66}},"17":{"start":{"line":29,"column":33},"end":{"line":29,"column":64}},"18":{"start":{"line":31,"column":4},"end":{"line":35,"column":7}},"19":{"start":{"line":32,"column":6},"end":{"line":33,"column":74}},"20":{"start":{"line":32,"column":22},"end":{"line":32,"column":52}},"21":{"start":{"line":33,"column":11},"end":{"line":33,"column":74}},"22":{"start":{"line":34,"column":6},"end":{"line":34,"column":78}},"23":{"start":{"line":37,"column":4},"end":{"line":37,"column":52}},"24":{"start":{"line":39,"column":4},"end":{"line":39,"column":61}},"25":{"start":{"line":40,"column":4},"end":{"line":40,"column":47}},"26":{"start":{"line":44,"column":0},"end":{"line":48,"column":2}},"27":{"start":{"line":45,"column":14},"end":{"line":45,"column":35}},"28":{"start":{"line":46,"column":2},"end":{"line":46,"column":68}},"29":{"start":{"line":46,"column":12},"end":{"line":46,"column":68}},"30":{"start":{"line":47,"column":2},"end":{"line":47,"column":125}},"31":{"start":{"line":50,"column":0},"end":{"line":52,"column":2}},"32":{"start":{"line":51,"column":2},"end":{"line":51,"column":33}},"33":{"start":{"line":54,"column":0},"end":{"line":59,"column":2}},"34":{"start":{"line":55,"column":14},"end":{"line":55,"column":59}},"35":{"start":{"line":56,"column":2},"end":{"line":56,"column":61}},"36":{"start":{"line":56,"column":27},"end":{"line":56,"column":61}},"37":{"start":{"line":57,"column":16},"end":{"line":57,"column":76}},"38":{"start":{"line":57,"column":48},"end":{"line":57,"column":75}},"39":{"start":{"line":58,"column":2},"end":{"line":58,"column":32}},"40":{"start":{"line":61,"column":0},"end":{"line":67,"column":2}},"41":{"start":{"line":62,"column":13},"end":{"line":62,"column":26}},"42":{"start":{"line":63,"column":2},"end":{"line":63,"column":98}},"43":{"start":{"line":63,"column":37},"end":{"line":63,"column":98}},"44":{"start":{"line":64,"column":14},"end":{"line":64,"column":63}},"45":{"start":{"line":65,"column":2},"end":{"line":65,"column":79}},"46":{"start":{"line":65,"column":27},"end":{"line":65,"column":79}},"47":{"start":{"line":66,"column":2},"end":{"line":66,"column":20}}},"fnMap":{"0":{"name":"(anonymous_0)","decl":{"start":{"line":7,"column":22},"end":{"line":7,"column":23}},"loc":{"start":{"line":7,"column":36},"end":{"line":42,"column":1}},"line":7},"1":{"name":"(anonymous_1)","decl":{"start":{"line":28,"column":28},"end":{"line":28,"column":29}},"loc":{"start":{"line":28,"column":33},"end":{"line":28,"column":64}},"line":28},"2":{"name":"(anonymous_2)","decl":{"start":{"line":29,"column":28},"end":{"line":29,"column":29}},"loc":{"start":{"line":29,"column":33},"end":{"line":29,"column":64}},"line":29},"3":{"name":"(anonymous_3)","decl":{"start":{"line":31,"column":22},"end":{"line":31,"column":23}},"loc":{"start":{"line":31,"column":30},"end":{"line":35,"column":5}},"line":31},"4":{"name":"(anonymous_4)","decl":{"start":{"line":44,"column":20},"end":{"line":44,"column":21}},"loc":{"start":{"line":44,"column":34},"end":{"line":48,"column":1}},"line":44},"5":{"name":"(anonymous_5)","decl":{"start":{"line":50,"column":19},"end":{"line":50,"column":20}},"loc":{"start":{"line":50,"column":33},"end":{"line":52,"column":1}},"line":50},"6":{"name":"(anonymous_6)","decl":{"start":{"line":54,"column":23},"end":{"line":54,"column":24}},"loc":{"start":{"line":54,"column":37},"end":{"line":59,"column":1}},"line":54},"7":{"name":"(anonymous_7)","decl":{"start":{"line":57,"column":43},"end":{"line":57,"column":44}},"loc":{"start":{"line":57,"column":48},"end":{"line":57,"column":75}},"line":57},"8":{"name":"(anonymous_8)","decl":{"start":{"line":61,"column":26},"end":{"line":61,"column":27}},"loc":{"start":{"line":61,"column":40},"end":{"line":67,"column":1}},"line":61}},"branchMap":{"0":{"loc":{"start":{"line":16,"column":6},"end":{"line":16,"column":47}},"type":"cond-expr","locations":[{"start":{"line":16,"column":17},"end":{"line":16,"column":42}},{"start":{"line":16,"column":45},"end":{"line":16,"column":47}}],"line":16},"1":{"loc":{"start":{"line":17,"column":6},"end":{"line":17,"column":33}},"type":"cond-expr","locations":[{"start":{"line":17,"column":16},"end":{"line":17,"column":28}},{"start":{"line":17,"column":31},"end":{"line":17,"column":33}}],"line":17},"2":{"loc":{"start":{"line":18,"column":6},"end":{"line":18,"column":26}},"type":"cond-expr","locations":[{"start":{"line":18,"column":13},"end":{"line":18,"column":21}},{"start":{"line":18,"column":24},"end":{"line":18,"column":26}}],"line":18},"3":{"loc":{"start":{"line":19,"column":6},"end":{"line":19,"column":50}},"type":"cond-expr","locations":[{"start":{"line":19,"column":18},"end":{"line":19,"column":45}},{"start":{"line":19,"column":48},"end":{"line":19,"column":50}}],"line":19},"4":{"loc":{"start":{"line":20,"column":6},"end":{"line":20,"column":50}},"type":"cond-expr","locations":[{"start":{"line":20,"column":18},"end":{"line":20,"column":45}},{"start":{"line":20,"column":48},"end":{"line":20,"column":50}}],"line":20},"5":{"loc":{"start":{"line":21,"column":6},"end":{"line":21,"column":60}},"type":"cond-expr","locations":[{"start":{"line":21,"column":31},"end":{"line":21,"column":55}},{"start":{"line":21,"column":58},"end":{"line":21,"column":60}}],"line":21},"6":{"loc":{"start":{"line":32,"column":6},"end":{"line":33,"column":74}},"type":"if","locations":[{"start":{"line":32,"column":6},"end":{"line":33,"column":74}},{"start":{"line":33,"column":11},"end":{"line":33,"column":74}}],"line":32},"7":{"loc":{"start":{"line":46,"column":2},"end":{"line":46,"column":68}},"type":"if","locations":[{"start":{"line":46,"column":2},"end":{"line":46,"column":68}},{"start":{},"end":{}}],"line":46},"8":{"loc":{"start":{"line":56,"column":2},"end":{"line":56,"column":61}},"type":"if","locations":[{"start":{"line":56,"column":2},"end":{"line":56,"column":61}},{"start":{},"end":{}}],"line":56},"9":{"loc":{"start":{"line":63,"column":2},"end":{"line":63,"column":98}},"type":"if","locations":[{"start":{"line":63,"column":2},"end":{"line":63,"column":98}},{"start":{},"end":{}}],"line":63},"10":{"loc":{"start":{"line":65,"column":2},"end":{"line":65,"column":79}},"type":"if","locations":[{"start":{"line":65,"column":2},"end":{"line":65,"column":79}},{"start":{},"end":{}}],"line":65}},"s":{"0":1,"1":1,"2":1,"3":1,"4":1,"5":1,"6":0,"7":0,"8":0,"9":0,"10":0,"11":0,"12":0,"13":0,"14":0,"15":0,"16":0,"17":0,"18":0,"19":0,"20":0,"21":0,"22":0,"23":0,"24":0,"25":0,"26":1,"27":0,"28":0,"29":0,"30":0,"31":1,"32":0,"33":1,"34":0,"35":0,"36":0,"37":0,"38":0,"39":0,"40":1,"41":0,"42":0,"43":0,"44":0,"45":0,"46":0,"47":0},"f":{"0":0,"1":0,"2":0,"3":0,"4":0,"5":0,"6":0,"7":0,"8":0},"b":{"0":[0,0],"1":[0,0],"2":[0,0],"3":[0,0],"4":[0,0],"5":[0,0],"6":[0,0],"7":[0,0],"8":[0,0],"9":[0,0],"10":[0,0]},"_coverageSchema":"1a1c01bbd47fc00a2c39e90264f33305004495a9","hash":"bc15390d42034141291615bde8417db9bf7ef612"}
,"/Users/yo/Downloads/OneDrive_2025-11-28/PlayRight Automations/amazon-invoice-bot/src/controllers/amazonSearchController.js": {"path":"/Users/yo/Downloads/OneDrive_2025-11-28/PlayRight Automations/amazon-invoice-bot/src/controllers/amazonSearchController.js","statementMap":{"0":{"start":{"line":1,"column":13},"end":{"line":1,"column":28}},"1":{"start":{"line":2,"column":11},"end":{"line":2,"column":24}},"2":{"start":{"line":3,"column":18},"end":{"line":3,"column":42}},"3":{"start":{"line":4,"column":15},"end":{"line":4,"column":41}},"4":{"start":{"line":6,"column":0},"end":{"line":56,"column":2}},"5":{"start":{"line":7,"column":4},"end":{"line":55,"column":5}},"6":{"start":{"line":8,"column":74},"end":{"line":8,"column":82}},"7":{"start":{"line":9,"column":26},"end":{"line":9,"column":40}},"8":{"start":{"line":10,"column":8},"end":{"line":10,"column":90}},"9":{"start":{"line":10,"column":24},"end":{"line":10,"column":90}},"10":{"start":{"line":12,"column":34},"end":{"line":12,"column":69}},"11":{"start":{"line":13,"column":27},"end":{"line":13,"column":85}},"12":{"start":{"line":15,"column":21},"end":{"line":26,"column":25}},"13":{"start":{"line":28,"column":8},"end":{"line":28,"column":69}},"14":{"start":{"line":29,"column":21},"end":{"line":29,"column":90}},"15":{"start":{"line":30,"column":18},"end":{"line":30,"column":20}},"16":{"start":{"line":31,"column":8},"end":{"line":31,"column":59}},"17":{"start":{"line":31,"column":37},"end":{"line":31,"column":56}},"18":{"start":{"line":32,"column":8},"end":{"line":32,"column":59}},"19":{"start":{"line":32,"column":37},"end":{"line":32,"column":56}},"20":{"start":{"line":34,"column":8},"end":{"line":51,"column":11}},"21":{"start":{"line":35,"column":12},"end":{"line":35,"column":68}},"22":{"start":{"line":36,"column":30},"end":{"line":36,"column":80}},"23":{"start":{"line":37,"column":30},"end":{"line":37,"column":80}},"24":{"start":{"line":38,"column":31},"end":{"line":38,"column":82}},"25":{"start":{"line":39,"column":31},"end":{"line":39,"column":73}},"26":{"start":{"line":40,"column":33},"end":{"line":40,"column":57}},"27":{"start":{"line":41,"column":37},"end":{"line":41,"column":62}},"28":{"start":{"line":42,"column":34},"end":{"line":42,"column":59}},"29":{"start":{"line":44,"column":12},"end":{"line":50,"column":15}},"30":{"start":{"line":53,"column":8},"end":{"line":53,"column":63}},"31":{"start":{"line":54,"column":8},"end":{"line":54,"column":51}},"32":{"start":{"line":59,"column":0},"end":{"line":94,"column":2}},"33":{"start":{"line":60,"column":4},"end":{"line":93,"column":5}},"34":{"start":{"line":61,"column":24},"end":{"line":61,"column":104}},"35":{"start":{"line":62,"column":8},"end":{"line":62,"column":69}},"36":{"start":{"line":62,"column":37},"end":{"line":62,"column":69}},"37":{"start":{"line":64,"column":20},"end":{"line":64,"column":59}},"38":{"start":{"line":65,"column":22},"end":{"line":65,"column":40}},"39":{"start":{"line":66,"column":8},"end":{"line":66,"column":59}},"40":{"start":{"line":66,"column":27},"end":{"line":66,"column":59}},"41":{"start":{"line":68,"column":23},"end":{"line":68,"column":83}},"42":{"start":{"line":68,"column":52},"end":{"line":68,"column":82}},"43":{"start":{"line":69,"column":23},"end":{"line":86,"column":10}},"44":{"start":{"line":69,"column":50},"end":{"line":69,"column":58}},"45":{"start":{"line":70,"column":25},"end":{"line":70,"column":64}},"46":{"start":{"line":71,"column":24},"end":{"line":71,"column":26}},"47":{"start":{"line":72,"column":12},"end":{"line":76,"column":15}},"48":{"start":{"line":73,"column":26},"end":{"line":73,"column":39}},"49":{"start":{"line":74,"column":16},"end":{"line":74,"column":55}},"50":{"start":{"line":75,"column":16},"end":{"line":75,"column":29}},"51":{"start":{"line":78,"column":29},"end":{"line":78,"column":106}},"52":{"start":{"line":78,"column":36},"end":{"line":78,"column":104}},"53":{"start":{"line":78,"column":80},"end":{"line":78,"column":104}},"54":{"start":{"line":79,"column":12},"end":{"line":79,"column":30}},"55":{"start":{"line":80,"column":12},"end":{"line":80,"column":34}},"56":{"start":{"line":81,"column":12},"end":{"line":81,"column":28}},"57":{"start":{"line":82,"column":12},"end":{"line":82,"column":29}},"58":{"start":{"line":83,"column":12},"end":{"line":83,"column":28}},"59":{"start":{"line":84,"column":12},"end":{"line":84,"column":70}},"60":{"start":{"line":85,"column":12},"end":{"line":85,"column":23}},"61":{"start":{"line":88,"column":8},"end":{"line":88,"column":51}},"62":{"start":{"line":90,"column":23},"end":{"line":90,"column":49}},"63":{"start":{"line":91,"column":8},"end":{"line":91,"column":66}},"64":{"start":{"line":92,"column":8},"end":{"line":92,"column":51}}},"fnMap":{"0":{"name":"(anonymous_0)","decl":{"start":{"line":6,"column":26},"end":{"line":6,"column":27}},"loc":{"start":{"line":6,"column":46},"end":{"line":56,"column":1}},"line":6},"1":{"name":"(anonymous_1)","decl":{"start":{"line":31,"column":31},"end":{"line":31,"column":32}},"loc":{"start":{"line":31,"column":37},"end":{"line":31,"column":56}},"line":31},"2":{"name":"(anonymous_2)","decl":{"start":{"line":32,"column":31},"end":{"line":32,"column":32}},"loc":{"start":{"line":32,"column":37},"end":{"line":32,"column":56}},"line":32},"3":{"name":"(anonymous_3)","decl":{"start":{"line":34,"column":25},"end":{"line":34,"column":26}},"loc":{"start":{"line":34,"column":33},"end":{"line":51,"column":9}},"line":34},"4":{"name":"(anonymous_4)","decl":{"start":{"line":59,"column":20},"end":{"line":59,"column":21}},"loc":{"start":{"line":59,"column":34},"end":{"line":94,"column":1}},"line":59},"5":{"name":"(anonymous_5)","decl":{"start":{"line":68,"column":47},"end":{"line":68,"column":48}},"loc":{"start":{"line":68,"column":52},"end":{"line":68,"column":82}},"line":68},"6":{"name":"(anonymous_6)","decl":{"start":{"line":69,"column":45},"end":{"line":69,"column":46}},"loc":{"start":{"line":69,"column":50},"end":{"line":69,"column":58}},"line":69},"7":{"name":"(anonymous_7)","decl":{"start":{"line":69,"column":64},"end":{"line":69,"column":65}},"loc":{"start":{"line":69,"column":69},"end":{"line":86,"column":9}},"line":69},"8":{"name":"(anonymous_8)","decl":{"start":{"line":72,"column":27},"end":{"line":72,"column":28}},"loc":{"start":{"line":72,"column":37},"end":{"line":76,"column":13}},"line":72},"9":{"name":"(anonymous_9)","decl":{"start":{"line":78,"column":29},"end":{"line":78,"column":30}},"loc":{"start":{"line":78,"column":34},"end":{"line":78,"column":106}},"line":78}},"branchMap":{"0":{"loc":{"start":{"line":10,"column":8},"end":{"line":10,"column":90}},"type":"if","locations":[{"start":{"line":10,"column":8},"end":{"line":10,"column":90}},{"start":{},"end":{}}],"line":10},"1":{"loc":{"start":{"line":12,"column":34},"end":{"line":12,"column":69}},"type":"binary-expr","locations":[{"start":{"line":12,"column":34},"end":{"line":12,"column":58}},{"start":{"line":12,"column":62},"end":{"line":12,"column":69}}],"line":12},"2":{"loc":{"start":{"line":18,"column":12},"end":{"line":18,"column":57}},"type":"cond-expr","locations":[{"start":{"line":18,"column":24},"end":{"line":18,"column":52}},{"start":{"line":18,"column":55},"end":{"line":18,"column":57}}],"line":18},"3":{"loc":{"start":{"line":19,"column":12},"end":{"line":19,"column":59}},"type":"cond-expr","locations":[{"start":{"line":19,"column":25},"end":{"line":19,"column":54}},{"start":{"line":19,"column":57},"end":{"line":19,"column":59}}],"line":19},"4":{"loc":{"start":{"line":20,"column":28},"end":{"line":20,"column":86}},"type":"cond-expr","locations":[{"start":{"line":20,"column":72},"end":{"line":20,"column":75}},{"start":{"line":20,"column":78},"end":{"line":20,"column":86}}],"line":20},"5":{"loc":{"start":{"line":20,"column":28},"end":{"line":20,"column":69}},"type":"binary-expr","locations":[{"start":{"line":20,"column":28},"end":{"line":20,"column":50}},{"start":{"line":20,"column":54},"end":{"line":20,"column":69}}],"line":20},"6":{"loc":{"start":{"line":21,"column":26},"end":{"line":21,"column":43}},"type":"binary-expr","locations":[{"start":{"line":21,"column":26},"end":{"line":21,"column":33}},{"start":{"line":21,"column":37},"end":{"line":21,"column":43}}],"line":21},"7":{"loc":{"start":{"line":22,"column":30},"end":{"line":22,"column":48}},"type":"binary-expr","locations":[{"start":{"line":22,"column":30},"end":{"line":22,"column":41}},{"start":{"line":22,"column":45},"end":{"line":22,"column":48}}],"line":22},"8":{"loc":{"start":{"line":47,"column":27},"end":{"line":47,"column":113}},"type":"cond-expr","locations":[{"start":{"line":47,"column":42},"end":{"line":47,"column":106}},{"start":{"line":47,"column":109},"end":{"line":47,"column":113}}],"line":47},"9":{"loc":{"start":{"line":48,"column":28},"end":{"line":48,"column":119}},"type":"cond-expr","locations":[{"start":{"line":48,"column":47},"end":{"line":48,"column":112}},{"start":{"line":48,"column":115},"end":{"line":48,"column":119}}],"line":48},"10":{"loc":{"start":{"line":49,"column":28},"end":{"line":49,"column":107}},"type":"cond-expr","locations":[{"start":{"line":49,"column":44},"end":{"line":49,"column":100}},{"start":{"line":49,"column":103},"end":{"line":49,"column":107}}],"line":49},"11":{"loc":{"start":{"line":62,"column":8},"end":{"line":62,"column":69}},"type":"if","locations":[{"start":{"line":62,"column":8},"end":{"line":62,"column":69}},{"start":{},"end":{}}],"line":62},"12":{"loc":{"start":{"line":66,"column":8},"end":{"line":66,"column":59}},"type":"if","locations":[{"start":{"line":66,"column":8},"end":{"line":66,"column":59}},{"start":{},"end":{}}],"line":66},"13":{"loc":{"start":{"line":73,"column":26},"end":{"line":73,"column":39}},"type":"binary-expr","locations":[{"start":{"line":73,"column":26},"end":{"line":73,"column":33}},{"start":{"line":73,"column":37},"end":{"line":73,"column":39}}],"line":73},"14":{"loc":{"start":{"line":78,"column":36},"end":{"line":78,"column":104}},"type":"if","locations":[{"start":{"line":78,"column":36},"end":{"line":78,"column":104}},{"start":{},"end":{}}],"line":78},"15":{"loc":{"start":{"line":78,"column":40},"end":{"line":78,"column":78}},"type":"binary-expr","locations":[{"start":{"line":78,"column":40},"end":{"line":78,"column":46}},{"start":{"line":78,"column":50},"end":{"line":78,"column":78}}],"line":78},"16":{"loc":{"start":{"line":84,"column":26},"end":{"line":84,"column":69}},"type":"binary-expr","locations":[{"start":{"line":84,"column":26},"end":{"line":84,"column":45}},{"start":{"line":84,"column":49},"end":{"line":84,"column":69}}],"line":84}},"s":{"0":1,"1":1,"2":1,"3":1,"4":1,"5":0,"6":0,"7":0,"8":0,"9":0,"10":0,"11":0,"12":0,"13":0,"14":0,"15":0,"16":0,"17":0,"18":0,"19":0,"20":0,"21":0,"22":0,"23":0,"24":0,"25":0,"26":0,"27":0,"28":0,"29":0,"30":0,"31":0,"32":1,"33":0,"34":0,"35":0,"36":0,"37":0,"38":0,"39":0,"40":0,"41":0,"42":0,"43":0,"44":0,"45":0,"46":0,"47":0,"48":0,"49":0,"50":0,"51":0,"52":0,"53":0,"54":0,"55":0,"56":0,"57":0,"58":0,"59":0,"60":0,"61":0,"62":0,"63":0,"64":0},"f":{"0":0,"1":0,"2":0,"3":0,"4":0,"5":0,"6":0,"7":0,"8":0,"9":0},"b":{"0":[0,0],"1":[0,0],"2":[0,0],"3":[0,0],"4":[0,0],"5":[0,0],"6":[0,0],"7":[0,0],"8":[0,0],"9":[0,0],"10":[0,0],"11":[0,0],"12":[0,0],"13":[0,0],"14":[0,0],"15":[0,0],"16":[0,0]},"_coverageSchema":"1a1c01bbd47fc00a2c39e90264f33305004495a9","hash":"0cd48c1be49c972ee85ac37389460c6f9630af37"}
,"/Users/yo/Downloads/OneDrive_2025-11-28/PlayRight Automations/amazon-invoice-bot/src/controllers/scraperController.js": {"path":"/Users/yo/Downloads/OneDrive_2025-11-28/PlayRight Automations/amazon-invoice-bot/src/controllers/scraperController.js","statementMap":{"0":{"start":{"line":1,"column":13},"end":{"line":1,"column":28}},"1":{"start":{"line":2,"column":11},"end":{"line":2,"column":24}},"2":{"start":{"line":3,"column":18},"end":{"line":3,"column":42}},"3":{"start":{"line":4,"column":15},"end":{"line":4,"column":41}},"4":{"start":{"line":5,"column":15},"end":{"line":5,"column":42}},"5":{"start":{"line":7,"column":0},"end":{"line":61,"column":2}},"6":{"start":{"line":8,"column":4},"end":{"line":60,"column":5}},"7":{"start":{"line":9,"column":74},"end":{"line":9,"column":82}},"8":{"start":{"line":10,"column":26},"end":{"line":10,"column":40}},"9":{"start":{"line":11,"column":8},"end":{"line":11,"column":90}},"10":{"start":{"line":11,"column":24},"end":{"line":11,"column":90}},"11":{"start":{"line":13,"column":34},"end":{"line":13,"column":69}},"12":{"start":{"line":16,"column":27},"end":{"line":16,"column":82}},"13":{"start":{"line":18,"column":21},"end":{"line":31,"column":25}},"14":{"start":{"line":33,"column":8},"end":{"line":33,"column":63}},"15":{"start":{"line":34,"column":21},"end":{"line":34,"column":90}},"16":{"start":{"line":35,"column":18},"end":{"line":35,"column":20}},"17":{"start":{"line":36,"column":8},"end":{"line":36,"column":59}},"18":{"start":{"line":36,"column":37},"end":{"line":36,"column":56}},"19":{"start":{"line":37,"column":8},"end":{"line":37,"column":59}},"20":{"start":{"line":37,"column":37},"end":{"line":37,"column":56}},"21":{"start":{"line":39,"column":8},"end":{"line":56,"column":11}},"22":{"start":{"line":40,"column":12},"end":{"line":40,"column":62}},"23":{"start":{"line":41,"column":30},"end":{"line":41,"column":76}},"24":{"start":{"line":42,"column":30},"end":{"line":42,"column":83}},"25":{"start":{"line":43,"column":31},"end":{"line":43,"column":85}},"26":{"start":{"line":44,"column":31},"end":{"line":44,"column":76}},"27":{"start":{"line":45,"column":33},"end":{"line":45,"column":57}},"28":{"start":{"line":46,"column":37},"end":{"line":46,"column":62}},"29":{"start":{"line":47,"column":34},"end":{"line":47,"column":59}},"30":{"start":{"line":49,"column":12},"end":{"line":55,"column":15}},"31":{"start":{"line":58,"column":8},"end":{"line":58,"column":58}},"32":{"start":{"line":59,"column":8},"end":{"line":59,"column":52}},"33":{"start":{"line":63,"column":0},"end":{"line":97,"column":2}},"34":{"start":{"line":64,"column":4},"end":{"line":96,"column":5}},"35":{"start":{"line":65,"column":24},"end":{"line":65,"column":103}},"36":{"start":{"line":66,"column":8},"end":{"line":66,"column":69}},"37":{"start":{"line":66,"column":37},"end":{"line":66,"column":69}},"38":{"start":{"line":68,"column":20},"end":{"line":68,"column":59}},"39":{"start":{"line":69,"column":22},"end":{"line":69,"column":40}},"40":{"start":{"line":70,"column":8},"end":{"line":70,"column":59}},"41":{"start":{"line":70,"column":27},"end":{"line":70,"column":59}},"42":{"start":{"line":72,"column":23},"end":{"line":72,"column":83}},"43":{"start":{"line":72,"column":52},"end":{"line":72,"column":82}},"44":{"start":{"line":73,"column":23},"end":{"line":90,"column":10}},"45":{"start":{"line":73,"column":50},"end":{"line":73,"column":58}},"46":{"start":{"line":74,"column":25},"end":{"line":74,"column":64}},"47":{"start":{"line":75,"column":24},"end":{"line":75,"column":26}},"48":{"start":{"line":76,"column":12},"end":{"line":80,"column":15}},"49":{"start":{"line":77,"column":26},"end":{"line":77,"column":39}},"50":{"start":{"line":78,"column":16},"end":{"line":78,"column":55}},"51":{"start":{"line":79,"column":16},"end":{"line":79,"column":29}},"52":{"start":{"line":82,"column":29},"end":{"line":82,"column":106}},"53":{"start":{"line":82,"column":36},"end":{"line":82,"column":104}},"54":{"start":{"line":82,"column":80},"end":{"line":82,"column":104}},"55":{"start":{"line":83,"column":12},"end":{"line":83,"column":30}},"56":{"start":{"line":84,"column":12},"end":{"line":84,"column":34}},"57":{"start":{"line":85,"column":12},"end":{"line":85,"column":28}},"58":{"start":{"line":86,"column":12},"end":{"line":86,"column":29}},"59":{"start":{"line":87,"column":12},"end":{"line":87,"column":28}},"60":{"start":{"line":88,"column":12},"end":{"line":88,"column":46}},"61":{"start":{"line":89,"column":12},"end":{"line":89,"column":23}},"62":{"start":{"line":92,"column":8},"end":{"line":92,"column":51}},"63":{"start":{"line":94,"column":8},"end":{"line":94,"column":57}},"64":{"start":{"line":95,"column":8},"end":{"line":95,"column":51}}},"fnMap":{"0":{"name":"(anonymous_0)","decl":{"start":{"line":7,"column":21},"end":{"line":7,"column":22}},"loc":{"start":{"line":7,"column":41},"end":{"line":61,"column":1}},"line":7},"1":{"name":"(anonymous_1)","decl":{"start":{"line":36,"column":31},"end":{"line":36,"column":32}},"loc":{"start":{"line":36,"column":37},"end":{"line":36,"column":56}},"line":36},"2":{"name":"(anonymous_2)","decl":{"start":{"line":37,"column":31},"end":{"line":37,"column":32}},"loc":{"start":{"line":37,"column":37},"end":{"line":37,"column":56}},"line":37},"3":{"name":"(anonymous_3)","decl":{"start":{"line":39,"column":25},"end":{"line":39,"column":26}},"loc":{"start":{"line":39,"column":33},"end":{"line":56,"column":9}},"line":39},"4":{"name":"(anonymous_4)","decl":{"start":{"line":63,"column":20},"end":{"line":63,"column":21}},"loc":{"start":{"line":63,"column":34},"end":{"line":97,"column":1}},"line":63},"5":{"name":"(anonymous_5)","decl":{"start":{"line":72,"column":47},"end":{"line":72,"column":48}},"loc":{"start":{"line":72,"column":52},"end":{"line":72,"column":82}},"line":72},"6":{"name":"(anonymous_6)","decl":{"start":{"line":73,"column":45},"end":{"line":73,"column":46}},"loc":{"start":{"line":73,"column":50},"end":{"line":73,"column":58}},"line":73},"7":{"name":"(anonymous_7)","decl":{"start":{"line":73,"column":64},"end":{"line":73,"column":65}},"loc":{"start":{"line":73,"column":69},"end":{"line":90,"column":9}},"line":73},"8":{"name":"(anonymous_8)","decl":{"start":{"line":76,"column":27},"end":{"line":76,"column":28}},"loc":{"start":{"line":76,"column":37},"end":{"line":80,"column":13}},"line":76},"9":{"name":"(anonymous_9)","decl":{"start":{"line":82,"column":29},"end":{"line":82,"column":30}},"loc":{"start":{"line":82,"column":34},"end":{"line":82,"column":106}},"line":82}},"branchMap":{"0":{"loc":{"start":{"line":11,"column":8},"end":{"line":11,"column":90}},"type":"if","locations":[{"start":{"line":11,"column":8},"end":{"line":11,"column":90}},{"start":{},"end":{}}],"line":11},"1":{"loc":{"start":{"line":13,"column":34},"end":{"line":13,"column":69}},"type":"binary-expr","locations":[{"start":{"line":13,"column":34},"end":{"line":13,"column":58}},{"start":{"line":13,"column":62},"end":{"line":13,"column":69}}],"line":13},"2":{"loc":{"start":{"line":21,"column":12},"end":{"line":21,"column":57}},"type":"cond-expr","locations":[{"start":{"line":21,"column":24},"end":{"line":21,"column":52}},{"start":{"line":21,"column":55},"end":{"line":21,"column":57}}],"line":21},"3":{"loc":{"start":{"line":22,"column":12},"end":{"line":22,"column":59}},"type":"cond-expr","locations":[{"start":{"line":22,"column":25},"end":{"line":22,"column":54}},{"start":{"line":22,"column":57},"end":{"line":22,"column":59}}],"line":22},"4":{"loc":{"start":{"line":23,"column":28},"end":{"line":23,"column":86}},"type":"cond-expr","locations":[{"start":{"line":23,"column":72},"end":{"line":23,"column":75}},{"start":{"line":23,"column":78},"end":{"line":23,"column":86}}],"line":23},"5":{"loc":{"start":{"line":23,"column":28},"end":{"line":23,"column":69}},"type":"binary-expr","locations":[{"start":{"line":23,"column":28},"end":{"line":23,"column":50}},{"start":{"line":23,"column":54},"end":{"line":23,"column":69}}],"line":23},"6":{"loc":{"start":{"line":24,"column":26},"end":{"line":24,"column":43}},"type":"binary-expr","locations":[{"start":{"line":24,"column":26},"end":{"line":24,"column":33}},{"start":{"line":24,"column":37},"end":{"line":24,"column":43}}],"line":24},"7":{"loc":{"start":{"line":25,"column":30},"end":{"line":25,"column":48}},"type":"binary-expr","locations":[{"start":{"line":25,"column":30},"end":{"line":25,"column":41}},{"start":{"line":25,"column":45},"end":{"line":25,"column":48}}],"line":25},"8":{"loc":{"start":{"line":29,"column":26},"end":{"line":29,"column":53}},"type":"binary-expr","locations":[{"start":{"line":29,"column":26},"end":{"line":29,"column":47}},{"start":{"line":29,"column":51},"end":{"line":29,"column":53}}],"line":29},"9":{"loc":{"start":{"line":30,"column":26},"end":{"line":30,"column":53}},"type":"binary-expr","locations":[{"start":{"line":30,"column":26},"end":{"line":30,"column":47}},{"start":{"line":30,"column":51},"end":{"line":30,"column":53}}],"line":30},"10":{"loc":{"start":{"line":52,"column":27},"end":{"line":52,"column":112}},"type":"cond-expr","locations":[{"start":{"line":52,"column":42},"end":{"line":52,"column":105}},{"start":{"line":52,"column":108},"end":{"line":52,"column":112}}],"line":52},"11":{"loc":{"start":{"line":53,"column":28},"end":{"line":53,"column":118}},"type":"cond-expr","locations":[{"start":{"line":53,"column":47},"end":{"line":53,"column":111}},{"start":{"line":53,"column":114},"end":{"line":53,"column":118}}],"line":53},"12":{"loc":{"start":{"line":54,"column":28},"end":{"line":54,"column":106}},"type":"cond-expr","locations":[{"start":{"line":54,"column":44},"end":{"line":54,"column":99}},{"start":{"line":54,"column":102},"end":{"line":54,"column":106}}],"line":54},"13":{"loc":{"start":{"line":66,"column":8},"end":{"line":66,"column":69}},"type":"if","locations":[{"start":{"line":66,"column":8},"end":{"line":66,"column":69}},{"start":{},"end":{}}],"line":66},"14":{"loc":{"start":{"line":70,"column":8},"end":{"line":70,"column":59}},"type":"if","locations":[{"start":{"line":70,"column":8},"end":{"line":70,"column":59}},{"start":{},"end":{}}],"line":70},"15":{"loc":{"start":{"line":77,"column":26},"end":{"line":77,"column":39}},"type":"binary-expr","locations":[{"start":{"line":77,"column":26},"end":{"line":77,"column":33}},{"start":{"line":77,"column":37},"end":{"line":77,"column":39}}],"line":77},"16":{"loc":{"start":{"line":82,"column":36},"end":{"line":82,"column":104}},"type":"if","locations":[{"start":{"line":82,"column":36},"end":{"line":82,"column":104}},{"start":{},"end":{}}],"line":82},"17":{"loc":{"start":{"line":82,"column":40},"end":{"line":82,"column":78}},"type":"binary-expr","locations":[{"start":{"line":82,"column":40},"end":{"line":82,"column":46}},{"start":{"line":82,"column":50},"end":{"line":82,"column":78}}],"line":82}},"s":{"0":1,"1":1,"2":1,"3":1,"4":1,"5":1,"6":0,"7":0,"8":0,"9":0,"10":0,"11":0,"12":0,"13":0,"14":0,"15":0,"16":0,"17":0,"18":0,"19":0,"20":0,"21":0,"22":0,"23":0,"24":0,"25":0,"26":0,"27":0,"28":0,"29":0,"30":0,"31":0,"32":0,"33":1,"34":0,"35":0,"36":0,"37":0,"38":0,"39":0,"40":0,"41":0,"42":0,"43":0,"44":0,"45":0,"46":0,"47":0,"48":0,"49":0,"50":0,"51":0,"52":0,"53":0,"54":0,"55":0,"56":0,"57":0,"58":0,"59":0,"60":0,"61":0,"62":0,"63":0,"64":0},"f":{"0":0,"1":0,"2":0,"3":0,"4":0,"5":0,"6":0,"7":0,"8":0,"9":0},"b":{"0":[0,0],"1":[0,0],"2":[0,0],"3":[0,0],"4":[0,0],"5":[0,0],"6":[0,0],"7":[0,0],"8":[0,0],"9":[0,0],"10":[0,0],"11":[0,0],"12":[0,0],"13":[0,0],"14":[0,0],"15":[0,0],"16":[0,0],"17":[0,0]},"_coverageSchema":"1a1c01bbd47fc00a2c39e90264f33305004495a9","hash":"80740d06af9a1e7f7561d6ce6865bff908ef7b23"}
,"/Users/yo/Downloads/OneDrive_2025-11-28/PlayRight Automations/amazon-invoice-bot/src/controllers/validationController.js": {"path":"/Users/yo/Downloads/OneDrive_2025-11-28/PlayRight Automations/amazon-invoice-bot/src/controllers/validationController.js","statementMap":{"0":{"start":{"line":1,"column":13},"end":{"line":1,"column":28}},"1":{"start":{"line":2,"column":15},"end":{"line":2,"column":41}},"2":{"start":{"line":4,"column":0},"end":{"line":81,"column":2}},"3":{"start":{"line":5,"column":4},"end":{"line":80,"column":5}},"4":{"start":{"line":6,"column":8},"end":{"line":8,"column":9}},"5":{"start":{"line":7,"column":12},"end":{"line":7,"column":71}},"6":{"start":{"line":10,"column":25},"end":{"line":10,"column":53}},"7":{"start":{"line":11,"column":27},"end":{"line":11,"column":46}},"8":{"start":{"line":14,"column":30},"end":{"line":14,"column":99}},"9":{"start":{"line":14,"column":54},"end":{"line":14,"column":98}},"10":{"start":{"line":15,"column":8},"end":{"line":17,"column":9}},"11":{"start":{"line":16,"column":12},"end":{"line":16,"column":44}},"12":{"start":{"line":19,"column":26},"end":{"line":19,"column":58}},"13":{"start":{"line":22,"column":25},"end":{"line":22,"column":75}},"14":{"start":{"line":24,"column":8},"end":{"line":26,"column":9}},"15":{"start":{"line":25,"column":12},"end":{"line":25,"column":73}},"16":{"start":{"line":29,"column":29},"end":{"line":29,"column":30}},"17":{"start":{"line":30,"column":8},"end":{"line":36,"column":9}},"18":{"start":{"line":30,"column":21},"end":{"line":30,"column":22}},"19":{"start":{"line":31,"column":24},"end":{"line":31,"column":35}},"20":{"start":{"line":32,"column":12},"end":{"line":35,"column":13}},"21":{"start":{"line":32,"column":40},"end":{"line":32,"column":99}},"22":{"start":{"line":33,"column":16},"end":{"line":33,"column":35}},"23":{"start":{"line":34,"column":16},"end":{"line":34,"column":22}},"24":{"start":{"line":38,"column":26},"end":{"line":38,"column":50}},"25":{"start":{"line":39,"column":27},"end":{"line":39,"column":29}},"26":{"start":{"line":42,"column":25},"end":{"line":42,"column":104}},"27":{"start":{"line":44,"column":8},"end":{"line":54,"column":11}},"28":{"start":{"line":45,"column":12},"end":{"line":53,"column":13}},"29":{"start":{"line":46,"column":30},"end":{"line":46,"column":48}},"30":{"start":{"line":48,"column":16},"end":{"line":52,"column":17}},"31":{"start":{"line":49,"column":20},"end":{"line":49,"column":41}},"32":{"start":{"line":50,"column":23},"end":{"line":52,"column":17}},"33":{"start":{"line":50,"column":69},"end":{"line":50,"column":86}},"34":{"start":{"line":51,"column":20},"end":{"line":51,"column":41}},"35":{"start":{"line":57,"column":8},"end":{"line":60,"column":9}},"36":{"start":{"line":58,"column":12},"end":{"line":58,"column":29}},"37":{"start":{"line":59,"column":12},"end":{"line":59,"column":78}},"38":{"start":{"line":63,"column":25},"end":{"line":63,"column":59}},"39":{"start":{"line":64,"column":24},"end":{"line":64,"column":90}},"40":{"start":{"line":64,"column":56},"end":{"line":64,"column":73}},"41":{"start":{"line":65,"column":26},"end":{"line":65,"column":74}},"42":{"start":{"line":65,"column":49},"end":{"line":65,"column":66}},"43":{"start":{"line":67,"column":8},"end":{"line":75,"column":11}},"44":{"start":{"line":78,"column":8},"end":{"line":78,"column":66}},"45":{"start":{"line":79,"column":8},"end":{"line":79,"column":84}}},"fnMap":{"0":{"name":"(anonymous_0)","decl":{"start":{"line":4,"column":24},"end":{"line":4,"column":25}},"loc":{"start":{"line":4,"column":38},"end":{"line":81,"column":1}},"line":4},"1":{"name":"(anonymous_1)","decl":{"start":{"line":14,"column":46},"end":{"line":14,"column":47}},"loc":{"start":{"line":14,"column":54},"end":{"line":14,"column":98}},"line":14},"2":{"name":"(anonymous_2)","decl":{"start":{"line":32,"column":32},"end":{"line":32,"column":33}},"loc":{"start":{"line":32,"column":40},"end":{"line":32,"column":99}},"line":32},"3":{"name":"(anonymous_3)","decl":{"start":{"line":44,"column":26},"end":{"line":44,"column":27}},"loc":{"start":{"line":44,"column":43},"end":{"line":54,"column":9}},"line":44},"4":{"name":"(anonymous_4)","decl":{"start":{"line":50,"column":64},"end":{"line":50,"column":65}},"loc":{"start":{"line":50,"column":69},"end":{"line":50,"column":86}},"line":50},"5":{"name":"(anonymous_5)","decl":{"start":{"line":64,"column":49},"end":{"line":64,"column":50}},"loc":{"start":{"line":64,"column":56},"end":{"line":64,"column":73}},"line":64},"6":{"name":"(anonymous_6)","decl":{"start":{"line":65,"column":42},"end":{"line":65,"column":43}},"loc":{"start":{"line":65,"column":49},"end":{"line":65,"column":66}},"line":65}},"branchMap":{"0":{"loc":{"start":{"line":6,"column":8},"end":{"line":8,"column":9}},"type":"if","locations":[{"start":{"line":6,"column":8},"end":{"line":8,"column":9}},{"start":{},"end":{}}],"line":6},"1":{"loc":{"start":{"line":15,"column":8},"end":{"line":17,"column":9}},"type":"if","locations":[{"start":{"line":15,"column":8},"end":{"line":17,"column":9}},{"start":{},"end":{}}],"line":15},"2":{"loc":{"start":{"line":24,"column":8},"end":{"line":26,"column":9}},"type":"if","locations":[{"start":{"line":24,"column":8},"end":{"line":26,"column":9}},{"start":{},"end":{}}],"line":24},"3":{"loc":{"start":{"line":32,"column":12},"end":{"line":35,"column":13}},"type":"if","locations":[{"start":{"line":32,"column":12},"end":{"line":35,"column":13}},{"start":{},"end":{}}],"line":32},"4":{"loc":{"start":{"line":32,"column":16},"end":{"line":32,"column":100}},"type":"binary-expr","locations":[{"start":{"line":32,"column":16},"end":{"line":32,"column":19}},{"start":{"line":32,"column":23},"end":{"line":32,"column":100}}],"line":32},"5":{"loc":{"start":{"line":32,"column":40},"end":{"line":32,"column":99}},"type":"binary-expr","locations":[{"start":{"line":32,"column":40},"end":{"line":32,"column":44}},{"start":{"line":32,"column":48},"end":{"line":32,"column":99}}],"line":32},"6":{"loc":{"start":{"line":45,"column":12},"end":{"line":53,"column":13}},"type":"if","locations":[{"start":{"line":45,"column":12},"end":{"line":53,"column":13}},{"start":{},"end":{}}],"line":45},"7":{"loc":{"start":{"line":48,"column":16},"end":{"line":52,"column":17}},"type":"if","locations":[{"start":{"line":48,"column":16},"end":{"line":52,"column":17}},{"start":{"line":50,"column":23},"end":{"line":52,"column":17}}],"line":48},"8":{"loc":{"start":{"line":48,"column":20},"end":{"line":48,"column":101}},"type":"binary-expr","locations":[{"start":{"line":48,"column":20},"end":{"line":48,"column":50}},{"start":{"line":48,"column":55},"end":{"line":48,"column":76}},{"start":{"line":48,"column":80},"end":{"line":48,"column":100}}],"line":48},"9":{"loc":{"start":{"line":50,"column":23},"end":{"line":52,"column":17}},"type":"if","locations":[{"start":{"line":50,"column":23},"end":{"line":52,"column":17}},{"start":{},"end":{}}],"line":50},"10":{"loc":{"start":{"line":50,"column":27},"end":{"line":50,"column":87}},"type":"binary-expr","locations":[{"start":{"line":50,"column":27},"end":{"line":50,"column":46}},{"start":{"line":50,"column":50},"end":{"line":50,"column":87}}],"line":50},"11":{"loc":{"start":{"line":57,"column":8},"end":{"line":60,"column":9}},"type":"if","locations":[{"start":{"line":57,"column":8},"end":{"line":60,"column":9}},{"start":{},"end":{}}],"line":57},"12":{"loc":{"start":{"line":71,"column":28},"end":{"line":71,"column":85}},"type":"binary-expr","locations":[{"start":{"line":71,"column":28},"end":{"line":71,"column":51}},{"start":{"line":71,"column":55},"end":{"line":71,"column":85}}],"line":71}},"s":{"0":1,"1":1,"2":1,"3":0,"4":0,"5":0,"6":0,"7":0,"8":0,"9":0,"10":0,"11":0,"12":0,"13":0,"14":0,"15":0,"16":0,"17":0,"18":0,"19":0,"20":0,"21":0,"22":0,"23":0,"24":0,"25":0,"26":0,"27":0,"28":0,"29":0,"30":0,"31":0,"32":0,"33":0,"34":0,"35":0,"36":0,"37":0,"38":0,"39":0,"40":0,"41":0,"42":0,"43":0,"44":0,"45":0},"f":{"0":0,"1":0,"2":0,"3":0,"4":0,"5":0,"6":0},"b":{"0":[0,0],"1":[0,0],"2":[0,0],"3":[0,0],"4":[0,0],"5":[0,0],"6":[0,0],"7":[0,0],"8":[0,0,0],"9":[0,0],"10":[0,0],"11":[0,0],"12":[0,0]},"_coverageSchema":"1a1c01bbd47fc00a2c39e90264f33305004495a9","hash":"58d55829edeb9d8fa1e42102f9160dd1363854e9"}
,"/Users/yo/Downloads/OneDrive_2025-11-28/PlayRight Automations/amazon-invoice-bot/src/jobs/jobRegistry.js": {"path":"/Users/yo/Downloads/OneDrive_2025-11-28/PlayRight Automations/amazon-invoice-bot/src/jobs/jobRegistry.js","statementMap":{"0":{"start":{"line":3,"column":17},"end":{"line":3,"column":95}},"1":{"start":{"line":4,"column":0},"end":{"line":10,"column":1}},"2":{"start":{"line":5,"column":2},"end":{"line":9,"column":3}},"3":{"start":{"line":6,"column":4},"end":{"line":6,"column":39}},"4":{"start":{"line":8,"column":4},"end":{"line":8,"column":94}},"5":{"start":{"line":12,"column":0},"end":{"line":62,"column":1}},"6":{"start":{"line":13,"column":25},"end":{"line":13,"column":42}},"7":{"start":{"line":14,"column":15},"end":{"line":14,"column":24}},"8":{"start":{"line":16,"column":2},"end":{"line":61,"column":4}},"9":{"start":{"line":18,"column":17},"end":{"line":18,"column":29}},"10":{"start":{"line":19,"column":18},"end":{"line":28,"column":7}},"11":{"start":{"line":29,"column":6},"end":{"line":29,"column":24}},"12":{"start":{"line":30,"column":6},"end":{"line":30,"column":17}},"13":{"start":{"line":33,"column":18},"end":{"line":33,"column":30}},"14":{"start":{"line":34,"column":6},"end":{"line":34,"column":23}},"15":{"start":{"line":34,"column":16},"end":{"line":34,"column":23}},"16":{"start":{"line":35,"column":6},"end":{"line":35,"column":23}},"17":{"start":{"line":36,"column":6},"end":{"line":36,"column":33}},"18":{"start":{"line":37,"column":22},"end":{"line":37,"column":53}},"19":{"start":{"line":38,"column":6},"end":{"line":38,"column":59}},"20":{"start":{"line":41,"column":18},"end":{"line":41,"column":30}},"21":{"start":{"line":42,"column":6},"end":{"line":42,"column":23}},"22":{"start":{"line":42,"column":16},"end":{"line":42,"column":23}},"23":{"start":{"line":43,"column":6},"end":{"line":43,"column":26}},"24":{"start":{"line":44,"column":6},"end":{"line":44,"column":24}},"25":{"start":{"line":45,"column":6},"end":{"line":45,"column":33}},"26":{"start":{"line":48,"column":6},"end":{"line":48,"column":34}},"27":{"start":{"line":51,"column":6},"end":{"line":59,"column":10}},"28":{"start":{"line":51,"column":49},"end":{"line":59,"column":7}},"29":{"start":{"line":64,"column":0},"end":{"line":64,"column":23}}},"fnMap":{"0":{"name":"(anonymous_0)","decl":{"start":{"line":17,"column":4},"end":{"line":17,"column":5}},"loc":{"start":{"line":17,"column":31},"end":{"line":31,"column":5}},"line":17},"1":{"name":"(anonymous_1)","decl":{"start":{"line":32,"column":4},"end":{"line":32,"column":5}},"loc":{"start":{"line":32,"column":31},"end":{"line":39,"column":5}},"line":32},"2":{"name":"(anonymous_2)","decl":{"start":{"line":40,"column":4},"end":{"line":40,"column":5}},"loc":{"start":{"line":40,"column":46},"end":{"line":46,"column":5}},"line":40},"3":{"name":"(anonymous_3)","decl":{"start":{"line":47,"column":4},"end":{"line":47,"column":5}},"loc":{"start":{"line":47,"column":21},"end":{"line":49,"column":5}},"line":47},"4":{"name":"(anonymous_4)","decl":{"start":{"line":50,"column":4},"end":{"line":50,"column":5}},"loc":{"start":{"line":50,"column":21},"end":{"line":60,"column":5}},"line":50},"5":{"name":"(anonymous_5)","decl":{"start":{"line":51,"column":43},"end":{"line":51,"column":44}},"loc":{"start":{"line":51,"column":49},"end":{"line":59,"column":7}},"line":51}},"branchMap":{"0":{"loc":{"start":{"line":3,"column":20},"end":{"line":3,"column":94}},"type":"binary-expr","locations":[{"start":{"line":3,"column":20},"end":{"line":3,"column":54}},{"start":{"line":3,"column":58},"end":{"line":3,"column":94}}],"line":3},"1":{"loc":{"start":{"line":4,"column":0},"end":{"line":10,"column":1}},"type":"if","locations":[{"start":{"line":4,"column":0},"end":{"line":10,"column":1}},{"start":{},"end":{}}],"line":4},"2":{"loc":{"start":{"line":12,"column":0},"end":{"line":62,"column":1}},"type":"if","locations":[{"start":{"line":12,"column":0},"end":{"line":62,"column":1}},{"start":{},"end":{}}],"line":12},"3":{"loc":{"start":{"line":17,"column":20},"end":{"line":17,"column":29}},"type":"default-arg","locations":[{"start":{"line":17,"column":27},"end":{"line":17,"column":29}}],"line":17},"4":{"loc":{"start":{"line":34,"column":6},"end":{"line":34,"column":23}},"type":"if","locations":[{"start":{"line":34,"column":6},"end":{"line":34,"column":23}},{"start":{},"end":{}}],"line":34},"5":{"loc":{"start":{"line":38,"column":30},"end":{"line":38,"column":58}},"type":"cond-expr","locations":[{"start":{"line":38,"column":40},"end":{"line":38,"column":54}},{"start":{"line":38,"column":57},"end":{"line":38,"column":58}}],"line":38},"6":{"loc":{"start":{"line":40,"column":32},"end":{"line":40,"column":44}},"type":"default-arg","locations":[{"start":{"line":40,"column":40},"end":{"line":40,"column":44}}],"line":40},"7":{"loc":{"start":{"line":42,"column":6},"end":{"line":42,"column":23}},"type":"if","locations":[{"start":{"line":42,"column":6},"end":{"line":42,"column":23}},{"start":{},"end":{}}],"line":42},"8":{"loc":{"start":{"line":48,"column":13},"end":{"line":48,"column":33}},"type":"binary-expr","locations":[{"start":{"line":48,"column":13},"end":{"line":48,"column":25}},{"start":{"line":48,"column":29},"end":{"line":48,"column":33}}],"line":48}},"s":{"0":1,"1":1,"2":0,"3":0,"4":0,"5":1,"6":1,"7":1,"8":1,"9":0,"10":0,"11":0,"12":0,"13":0,"14":0,"15":0,"16":0,"17":0,"18":0,"19":0,"20":0,"21":0,"22":0,"23":0,"24":0,"25":0,"26":0,"27":1,"28":0,"29":1},"f":{"0":0,"1":0,"2":0,"3":0,"4":1,"5":0},"b":{"0":[1,0],"1":[0,1],"2":[1,0],"3":[0],"4":[0,0],"5":[0,0],"6":[0],"7":[0,0],"8":[0,0]},"_coverageSchema":"1a1c01bbd47fc00a2c39e90264f33305004495a9","hash":"d816a87f44b4f222fb45ef7561c41ceada88ca63"}
,"/Users/yo/Downloads/OneDrive_2025-11-28/PlayRight Automations/amazon-invoice-bot/src/middleware/authApiKey.js": {"path":"/Users/yo/Downloads/OneDrive_2025-11-28/PlayRight Automations/amazon-invoice-bot/src/middleware/authApiKey.js","statementMap":{"0":{"start":{"line":1,"column":0},"end":{"line":8,"column":2}},"1":{"start":{"line":2,"column":19},"end":{"line":2,"column":60}},"2":{"start":{"line":3,"column":20},"end":{"line":3,"column":104}},"3":{"start":{"line":4,"column":2},"end":{"line":6,"column":3}},"4":{"start":{"line":5,"column":4},"end":{"line":5,"column":59}},"5":{"start":{"line":7,"column":2},"end":{"line":7,"column":9}}},"fnMap":{"0":{"name":"authApiKey","decl":{"start":{"line":1,"column":26},"end":{"line":1,"column":36}},"loc":{"start":{"line":1,"column":53},"end":{"line":8,"column":1}},"line":1}},"branchMap":{"0":{"loc":{"start":{"line":2,"column":19},"end":{"line":2,"column":60}},"type":"binary-expr","locations":[{"start":{"line":2,"column":19},"end":{"line":2,"column":38}},{"start":{"line":2,"column":42},"end":{"line":2,"column":60}}],"line":2},"1":{"loc":{"start":{"line":3,"column":20},"end":{"line":3,"column":104}},"type":"binary-expr","locations":[{"start":{"line":3,"column":20},"end":{"line":3,"column":44}},{"start":{"line":3,"column":48},"end":{"line":3,"column":104}}],"line":3},"2":{"loc":{"start":{"line":4,"column":2},"end":{"line":6,"column":3}},"type":"if","locations":[{"start":{"line":4,"column":2},"end":{"line":6,"column":3}},{"start":{},"end":{}}],"line":4},"3":{"loc":{"start":{"line":4,"column":6},"end":{"line":4,"column":42}},"type":"binary-expr","locations":[{"start":{"line":4,"column":6},"end":{"line":4,"column":16}},{"start":{"line":4,"column":20},"end":{"line":4,"column":42}}],"line":4}},"s":{"0":1,"1":2,"2":2,"3":2,"4":1,"5":1},"f":{"0":2},"b":{"0":[2,2],"1":[2,1],"2":[1,1],"3":[2,1]},"_coverageSchema":"1a1c01bbd47fc00a2c39e90264f33305004495a9","hash":"40231b199f61fbe14a7e65f85623aceb9daa16e2"}
,"/Users/yo/Downloads/OneDrive_2025-11-28/PlayRight Automations/amazon-invoice-bot/src/middleware/validators.js": {"path":"/Users/yo/Downloads/OneDrive_2025-11-28/PlayRight Automations/amazon-invoice-bot/src/middleware/validators.js","statementMap":{"0":{"start":{"line":1,"column":12},"end":{"line":1,"column":26}},"1":{"start":{"line":3,"column":29},"end":{"line":10,"column":2}},"2":{"start":{"line":13,"column":27},"end":{"line":13,"column":109}},"3":{"start":{"line":14,"column":2},"end":{"line":14,"column":67}},"4":{"start":{"line":14,"column":13},"end":{"line":14,"column":67}},"5":{"start":{"line":15,"column":2},"end":{"line":15,"column":19}},"6":{"start":{"line":16,"column":2},"end":{"line":16,"column":9}},"7":{"start":{"line":19,"column":30},"end":{"line":27,"column":2}},"8":{"start":{"line":30,"column":27},"end":{"line":30,"column":110}},"9":{"start":{"line":31,"column":2},"end":{"line":31,"column":67}},"10":{"start":{"line":31,"column":13},"end":{"line":31,"column":67}},"11":{"start":{"line":32,"column":2},"end":{"line":32,"column":19}},"12":{"start":{"line":33,"column":2},"end":{"line":33,"column":9}},"13":{"start":{"line":36,"column":0},"end":{"line":36,"column":69}}},"fnMap":{"0":{"name":"validateAmazonInvoices","decl":{"start":{"line":12,"column":9},"end":{"line":12,"column":31}},"loc":{"start":{"line":12,"column":48},"end":{"line":17,"column":1}},"line":12},"1":{"name":"validateAmazonSearchRun","decl":{"start":{"line":29,"column":9},"end":{"line":29,"column":32}},"loc":{"start":{"line":29,"column":49},"end":{"line":34,"column":1}},"line":29}},"branchMap":{"0":{"loc":{"start":{"line":14,"column":2},"end":{"line":14,"column":67}},"type":"if","locations":[{"start":{"line":14,"column":2},"end":{"line":14,"column":67}},{"start":{},"end":{}}],"line":14},"1":{"loc":{"start":{"line":31,"column":2},"end":{"line":31,"column":67}},"type":"if","locations":[{"start":{"line":31,"column":2},"end":{"line":31,"column":67}},{"start":{},"end":{}}],"line":31}},"s":{"0":1,"1":1,"2":1,"3":1,"4":1,"5":0,"6":0,"7":1,"8":0,"9":0,"10":0,"11":0,"12":0,"13":1},"f":{"0":1,"1":0},"b":{"0":[1,0],"1":[0,0]},"_coverageSchema":"1a1c01bbd47fc00a2c39e90264f33305004495a9","hash":"02d632762374e4602ba764a4d2448effc91c07e8"}
,"/Users/yo/Downloads/OneDrive_2025-11-28/PlayRight Automations/amazon-invoice-bot/src/routes/amazonInvoiceRoutes.js": {"path":"/Users/yo/Downloads/OneDrive_2025-11-28/PlayRight Automations/amazon-invoice-bot/src/routes/amazonInvoiceRoutes.js","statementMap":{"0":{"start":{"line":1,"column":16},"end":{"line":1,"column":34}},"1":{"start":{"line":2,"column":15},"end":{"line":2,"column":31}},"2":{"start":{"line":3,"column":13},"end":{"line":3,"column":62}},"3":{"start":{"line":4,"column":35},"end":{"line":4,"column":70}},"4":{"start":{"line":5,"column":19},"end":{"line":5,"column":54}},"5":{"start":{"line":7,"column":0},"end":{"line":7,"column":74}},"6":{"start":{"line":8,"column":0},"end":{"line":8,"column":35}},"7":{"start":{"line":9,"column":0},"end":{"line":9,"column":40}},"8":{"start":{"line":10,"column":0},"end":{"line":10,"column":43}},"9":{"start":{"line":11,"column":0},"end":{"line":11,"column":59}},"10":{"start":{"line":13,"column":0},"end":{"line":13,"column":24}}},"fnMap":{},"branchMap":{},"s":{"0":1,"1":1,"2":1,"3":1,"4":1,"5":1,"6":1,"7":1,"8":1,"9":1,"10":1},"f":{},"b":{},"_coverageSchema":"1a1c01bbd47fc00a2c39e90264f33305004495a9","hash":"9931d2368462191d02eb547fee855cef8a62066b"}
,"/Users/yo/Downloads/OneDrive_2025-11-28/PlayRight Automations/amazon-invoice-bot/src/routes/amazonSearchRoutes.js": {"path":"/Users/yo/Downloads/OneDrive_2025-11-28/PlayRight Automations/amazon-invoice-bot/src/routes/amazonSearchRoutes.js","statementMap":{"0":{"start":{"line":1,"column":16},"end":{"line":1,"column":34}},"1":{"start":{"line":2,"column":15},"end":{"line":2,"column":31}},"2":{"start":{"line":3,"column":31},"end":{"line":3,"column":79}},"3":{"start":{"line":4,"column":29},"end":{"line":4,"column":75}},"4":{"start":{"line":5,"column":36},"end":{"line":5,"column":71}},"5":{"start":{"line":6,"column":19},"end":{"line":6,"column":54}},"6":{"start":{"line":7,"column":15},"end":{"line":7,"column":32}},"7":{"start":{"line":8,"column":13},"end":{"line":8,"column":28}},"8":{"start":{"line":9,"column":11},"end":{"line":9,"column":24}},"9":{"start":{"line":12,"column":18},"end":{"line":12,"column":55}},"10":{"start":{"line":13,"column":0},"end":{"line":13,"column":76}},"11":{"start":{"line":13,"column":31},"end":{"line":13,"column":76}},"12":{"start":{"line":15,"column":16},"end":{"line":18,"column":2}},"13":{"start":{"line":16,"column":36},"end":{"line":16,"column":55}},"14":{"start":{"line":17,"column":33},"end":{"line":17,"column":79}},"15":{"start":{"line":19,"column":15},"end":{"line":19,"column":34}},"16":{"start":{"line":22,"column":0},"end":{"line":22,"column":120}},"17":{"start":{"line":23,"column":0},"end":{"line":23,"column":90}},"18":{"start":{"line":24,"column":0},"end":{"line":24,"column":56}},"19":{"start":{"line":26,"column":0},"end":{"line":26,"column":24}}},"fnMap":{"0":{"name":"(anonymous_0)","decl":{"start":{"line":16,"column":17},"end":{"line":16,"column":18}},"loc":{"start":{"line":16,"column":36},"end":{"line":16,"column":55}},"line":16},"1":{"name":"(anonymous_1)","decl":{"start":{"line":17,"column":14},"end":{"line":17,"column":15}},"loc":{"start":{"line":17,"column":33},"end":{"line":17,"column":79}},"line":17}},"branchMap":{"0":{"loc":{"start":{"line":13,"column":0},"end":{"line":13,"column":76}},"type":"if","locations":[{"start":{"line":13,"column":0},"end":{"line":13,"column":76}},{"start":{},"end":{}}],"line":13}},"s":{"0":1,"1":1,"2":1,"3":1,"4":1,"5":1,"6":1,"7":1,"8":1,"9":1,"10":1,"11":0,"12":1,"13":0,"14":0,"15":1,"16":1,"17":1,"18":1,"19":1},"f":{"0":0,"1":0},"b":{"0":[0,1]},"_coverageSchema":"1a1c01bbd47fc00a2c39e90264f33305004495a9","hash":"aecefbbc60b36b3a86120f178475abe50a70a4b7"}
,"/Users/yo/Downloads/OneDrive_2025-11-28/PlayRight Automations/amazon-invoice-bot/src/routes/kpiRoutes.js": {"path":"/Users/yo/Downloads/OneDrive_2025-11-28/PlayRight Automations/amazon-invoice-bot/src/routes/kpiRoutes.js","statementMap":{"0":{"start":{"line":1,"column":16},"end":{"line":1,"column":34}},"1":{"start":{"line":2,"column":15},"end":{"line":2,"column":31}},"2":{"start":{"line":3,"column":21},"end":{"line":3,"column":51}},"3":{"start":{"line":5,"column":0},"end":{"line":24,"column":3}},"4":{"start":{"line":6,"column":2},"end":{"line":23,"column":3}},"5":{"start":{"line":7,"column":17},"end":{"line":7,"column":33}},"6":{"start":{"line":8,"column":22},"end":{"line":8,"column":33}},"7":{"start":{"line":9,"column":21},"end":{"line":9,"column":69}},"8":{"start":{"line":9,"column":38},"end":{"line":9,"column":61}},"9":{"start":{"line":10,"column":20},"end":{"line":10,"column":67}},"10":{"start":{"line":10,"column":37},"end":{"line":10,"column":59}},"11":{"start":{"line":11,"column":19},"end":{"line":11,"column":64}},"12":{"start":{"line":11,"column":36},"end":{"line":11,"column":56}},"13":{"start":{"line":12,"column":21},"end":{"line":12,"column":72}},"14":{"start":{"line":12,"column":45},"end":{"line":12,"column":68}},"15":{"start":{"line":14,"column":4},"end":{"line":20,"column":7}},"16":{"start":{"line":22,"column":4},"end":{"line":22,"column":47}},"17":{"start":{"line":26,"column":0},"end":{"line":26,"column":24}}},"fnMap":{"0":{"name":"(anonymous_0)","decl":{"start":{"line":5,"column":16},"end":{"line":5,"column":17}},"loc":{"start":{"line":5,"column":36},"end":{"line":24,"column":1}},"line":5},"1":{"name":"(anonymous_1)","decl":{"start":{"line":9,"column":33},"end":{"line":9,"column":34}},"loc":{"start":{"line":9,"column":38},"end":{"line":9,"column":61}},"line":9},"2":{"name":"(anonymous_2)","decl":{"start":{"line":10,"column":32},"end":{"line":10,"column":33}},"loc":{"start":{"line":10,"column":37},"end":{"line":10,"column":59}},"line":10},"3":{"name":"(anonymous_3)","decl":{"start":{"line":11,"column":31},"end":{"line":11,"column":32}},"loc":{"start":{"line":11,"column":36},"end":{"line":11,"column":56}},"line":11},"4":{"name":"(anonymous_4)","decl":{"start":{"line":12,"column":33},"end":{"line":12,"column":34}},"loc":{"start":{"line":12,"column":45},"end":{"line":12,"column":68}},"line":12}},"branchMap":{"0":{"loc":{"start":{"line":12,"column":52},"end":{"line":12,"column":67}},"type":"binary-expr","locations":[{"start":{"line":12,"column":52},"end":{"line":12,"column":62}},{"start":{"line":12,"column":66},"end":{"line":12,"column":67}}],"line":12}},"s":{"0":1,"1":1,"2":1,"3":1,"4":1,"5":1,"6":1,"7":1,"8":0,"9":1,"10":0,"11":1,"12":0,"13":1,"14":0,"15":1,"16":0,"17":1},"f":{"0":1,"1":0,"2":0,"3":0,"4":0},"b":{"0":[0,0]},"_coverageSchema":"1a1c01bbd47fc00a2c39e90264f33305004495a9","hash":"7815f2da254737d7d3b6baee06072d836225c804"}
,"/Users/yo/Downloads/OneDrive_2025-11-28/PlayRight Automations/amazon-invoice-bot/src/routes/scraperRoutes.js": {"path":"/Users/yo/Downloads/OneDrive_2025-11-28/PlayRight Automations/amazon-invoice-bot/src/routes/scraperRoutes.js","statementMap":{"0":{"start":{"line":1,"column":16},"end":{"line":1,"column":34}},"1":{"start":{"line":2,"column":15},"end":{"line":2,"column":31}},"2":{"start":{"line":3,"column":26},"end":{"line":3,"column":69}},"3":{"start":{"line":4,"column":29},"end":{"line":4,"column":75}},"4":{"start":{"line":5,"column":15},"end":{"line":5,"column":32}},"5":{"start":{"line":6,"column":13},"end":{"line":6,"column":28}},"6":{"start":{"line":7,"column":11},"end":{"line":7,"column":24}},"7":{"start":{"line":10,"column":18},"end":{"line":10,"column":55}},"8":{"start":{"line":11,"column":0},"end":{"line":11,"column":76}},"9":{"start":{"line":11,"column":31},"end":{"line":11,"column":76}},"10":{"start":{"line":13,"column":16},"end":{"line":16,"column":2}},"11":{"start":{"line":14,"column":36},"end":{"line":14,"column":55}},"12":{"start":{"line":15,"column":33},"end":{"line":15,"column":79}},"13":{"start":{"line":17,"column":15},"end":{"line":17,"column":34}},"14":{"start":{"line":20,"column":0},"end":{"line":20,"column":73}},"15":{"start":{"line":21,"column":0},"end":{"line":21,"column":90}},"16":{"start":{"line":22,"column":0},"end":{"line":22,"column":51}},"17":{"start":{"line":24,"column":0},"end":{"line":24,"column":24}}},"fnMap":{"0":{"name":"(anonymous_0)","decl":{"start":{"line":14,"column":17},"end":{"line":14,"column":18}},"loc":{"start":{"line":14,"column":36},"end":{"line":14,"column":55}},"line":14},"1":{"name":"(anonymous_1)","decl":{"start":{"line":15,"column":14},"end":{"line":15,"column":15}},"loc":{"start":{"line":15,"column":33},"end":{"line":15,"column":79}},"line":15}},"branchMap":{"0":{"loc":{"start":{"line":11,"column":0},"end":{"line":11,"column":76}},"type":"if","locations":[{"start":{"line":11,"column":0},"end":{"line":11,"column":76}},{"start":{},"end":{}}],"line":11}},"s":{"0":1,"1":1,"2":1,"3":1,"4":1,"5":1,"6":1,"7":1,"8":1,"9":0,"10":1,"11":0,"12":0,"13":1,"14":1,"15":1,"16":1,"17":1},"f":{"0":0,"1":0},"b":{"0":[0,1]},"_coverageSchema":"1a1c01bbd47fc00a2c39e90264f33305004495a9","hash":"0d723b63003b374322621e32db1eeb8a51cadc4f"}
,"/Users/yo/Downloads/OneDrive_2025-11-28/PlayRight Automations/amazon-invoice-bot/src/services/amazonService.js": {"path":"/Users/yo/Downloads/OneDrive_2025-11-28/PlayRight Automations/amazon-invoice-bot/src/services/amazonService.js","statementMap":{"0":{"start":{"line":1,"column":11},"end":{"line":1,"column":24}},"1":{"start":{"line":2,"column":13},"end":{"line":2,"column":28}},"2":{"start":{"line":3,"column":23},"end":{"line":3,"column":50}},"3":{"start":{"line":4,"column":15},"end":{"line":4,"column":41}},"4":{"start":{"line":5,"column":27},"end":{"line":5,"column":54}},"5":{"start":{"line":12,"column":4},"end":{"line":26,"column":6}},"6":{"start":{"line":28,"column":4},"end":{"line":31,"column":5}},"7":{"start":{"line":29,"column":6},"end":{"line":29,"column":76}},"8":{"start":{"line":30,"column":6},"end":{"line":30,"column":64}},"9":{"start":{"line":33,"column":4},"end":{"line":33,"column":78}},"10":{"start":{"line":34,"column":4},"end":{"line":34,"column":97}},"11":{"start":{"line":38,"column":4},"end":{"line":38,"column":50}},"12":{"start":{"line":39,"column":2},"end":{"line":39,"column":59}},"13":{"start":{"line":43,"column":4},"end":{"line":84,"column":5}},"14":{"start":{"line":44,"column":6},"end":{"line":44,"column":93}},"15":{"start":{"line":46,"column":6},"end":{"line":46,"column":48}},"16":{"start":{"line":47,"column":6},"end":{"line":47,"column":84}},"17":{"start":{"line":50,"column":6},"end":{"line":55,"column":7}},"18":{"start":{"line":51,"column":8},"end":{"line":51,"column":38}},"19":{"start":{"line":53,"column":8},"end":{"line":53,"column":123}},"20":{"start":{"line":54,"column":8},"end":{"line":54,"column":58}},"21":{"start":{"line":57,"column":6},"end":{"line":57,"column":50}},"22":{"start":{"line":58,"column":6},"end":{"line":58,"column":104}},"23":{"start":{"line":60,"column":6},"end":{"line":62,"column":7}},"24":{"start":{"line":61,"column":8},"end":{"line":61,"column":66}},"25":{"start":{"line":65,"column":31},"end":{"line":65,"column":57}},"26":{"start":{"line":66,"column":6},"end":{"line":66,"column":71}},"27":{"start":{"line":69,"column":29},"end":{"line":69,"column":76}},"28":{"start":{"line":71,"column":6},"end":{"line":74,"column":7}},"29":{"start":{"line":72,"column":8},"end":{"line":72,"column":69}},"30":{"start":{"line":73,"column":8},"end":{"line":73,"column":15}},"31":{"start":{"line":77,"column":6},"end":{"line":77,"column":56}},"32":{"start":{"line":80,"column":6},"end":{"line":80,"column":53}},"33":{"start":{"line":82,"column":6},"end":{"line":82,"column":47}},"34":{"start":{"line":83,"column":6},"end":{"line":83,"column":41}},"35":{"start":{"line":83,"column":19},"end":{"line":83,"column":41}},"36":{"start":{"line":88,"column":26},"end":{"line":88,"column":64}},"37":{"start":{"line":89,"column":29},"end":{"line":89,"column":65}},"38":{"start":{"line":90,"column":29},"end":{"line":90,"column":38}},"39":{"start":{"line":91,"column":4},"end":{"line":94,"column":5}},"40":{"start":{"line":92,"column":16},"end":{"line":92,"column":41}},"41":{"start":{"line":93,"column":6},"end":{"line":93,"column":40}},"42":{"start":{"line":93,"column":13},"end":{"line":93,"column":40}},"43":{"start":{"line":95,"column":4},"end":{"line":95,"column":28}},"44":{"start":{"line":99,"column":21},"end":{"line":99,"column":30}},"45":{"start":{"line":101,"column":4},"end":{"line":119,"column":5}},"46":{"start":{"line":101,"column":23},"end":{"line":101,"column":24}},"47":{"start":{"line":102,"column":6},"end":{"line":102,"column":56}},"48":{"start":{"line":103,"column":6},"end":{"line":103,"column":38}},"49":{"start":{"line":105,"column":20},"end":{"line":107,"column":7}},"50":{"start":{"line":106,"column":8},"end":{"line":106,"column":95}},"51":{"start":{"line":106,"column":20},"end":{"line":106,"column":26}},"52":{"start":{"line":106,"column":40},"end":{"line":106,"column":94}},"53":{"start":{"line":109,"column":6},"end":{"line":109,"column":76}},"54":{"start":{"line":110,"column":6},"end":{"line":110,"column":42}},"55":{"start":{"line":110,"column":25},"end":{"line":110,"column":40}},"56":{"start":{"line":112,"column":19},"end":{"line":112,"column":46}},"57":{"start":{"line":113,"column":6},"end":{"line":116,"column":7}},"58":{"start":{"line":114,"column":8},"end":{"line":114,"column":60}},"59":{"start":{"line":115,"column":8},"end":{"line":115,"column":14}},"60":{"start":{"line":117,"column":6},"end":{"line":117,"column":47}},"61":{"start":{"line":118,"column":6},"end":{"line":118,"column":99}},"62":{"start":{"line":121,"column":24},"end":{"line":121,"column":44}},"63":{"start":{"line":122,"column":4},"end":{"line":122,"column":71}},"64":{"start":{"line":125,"column":25},"end":{"line":133,"column":6}},"65":{"start":{"line":126,"column":6},"end":{"line":132,"column":31}},"66":{"start":{"line":127,"column":18},"end":{"line":127,"column":31}},"67":{"start":{"line":128,"column":24},"end":{"line":128,"column":53}},"68":{"start":{"line":129,"column":8},"end":{"line":129,"column":35}},"69":{"start":{"line":129,"column":22},"end":{"line":129,"column":35}},"70":{"start":{"line":130,"column":8},"end":{"line":130,"column":80}},"71":{"start":{"line":130,"column":67},"end":{"line":130,"column":80}},"72":{"start":{"line":131,"column":8},"end":{"line":131,"column":20}},"73":{"start":{"line":132,"column":16},"end":{"line":132,"column":29}},"74":{"start":{"line":134,"column":4},"end":{"line":134,"column":78}},"75":{"start":{"line":137,"column":4},"end":{"line":139,"column":5}},"76":{"start":{"line":138,"column":6},"end":{"line":138,"column":69}},"77":{"start":{"line":141,"column":4},"end":{"line":141,"column":26}},"78":{"start":{"line":145,"column":4},"end":{"line":145,"column":109}},"79":{"start":{"line":146,"column":21},"end":{"line":146,"column":23}},"80":{"start":{"line":147,"column":4},"end":{"line":160,"column":5}},"81":{"start":{"line":148,"column":6},"end":{"line":148,"column":63}},"82":{"start":{"line":149,"column":23},"end":{"line":149,"column":51}},"83":{"start":{"line":150,"column":26},"end":{"line":150,"column":67}},"84":{"start":{"line":151,"column":26},"end":{"line":151,"column":95}},"85":{"start":{"line":153,"column":6},"end":{"line":158,"column":7}},"86":{"start":{"line":154,"column":8},"end":{"line":154,"column":28}},"87":{"start":{"line":155,"column":8},"end":{"line":155,"column":46}},"88":{"start":{"line":157,"column":8},"end":{"line":157,"column":59}},"89":{"start":{"line":159,"column":6},"end":{"line":159,"column":37}},"90":{"start":{"line":161,"column":4},"end":{"line":161,"column":63}},"91":{"start":{"line":162,"column":4},"end":{"line":162,"column":20}},"92":{"start":{"line":166,"column":4},"end":{"line":180,"column":5}},"93":{"start":{"line":167,"column":6},"end":{"line":167,"column":63}},"94":{"start":{"line":168,"column":16},"end":{"line":168,"column":29}},"95":{"start":{"line":169,"column":22},"end":{"line":169,"column":64}},"96":{"start":{"line":170,"column":23},"end":{"line":170,"column":82}},"97":{"start":{"line":172,"column":6},"end":{"line":175,"column":7}},"98":{"start":{"line":173,"column":8},"end":{"line":173,"column":58}},"99":{"start":{"line":174,"column":8},"end":{"line":174,"column":17}},"100":{"start":{"line":177,"column":6},"end":{"line":177,"column":47}},"101":{"start":{"line":178,"column":6},"end":{"line":178,"column":78}},"102":{"start":{"line":179,"column":6},"end":{"line":179,"column":54}},"103":{"start":{"line":184,"column":4},"end":{"line":229,"column":5}},"104":{"start":{"line":185,"column":6},"end":{"line":185,"column":64}},"105":{"start":{"line":186,"column":6},"end":{"line":186,"column":93}},"106":{"start":{"line":187,"column":6},"end":{"line":187,"column":37}},"107":{"start":{"line":188,"column":23},"end":{"line":188,"column":55}},"108":{"start":{"line":189,"column":22},"end":{"line":189,"column":74}},"109":{"start":{"line":190,"column":22},"end":{"line":190,"column":60}},"110":{"start":{"line":191,"column":24},"end":{"line":191,"column":82}},"111":{"start":{"line":193,"column":6},"end":{"line":203,"column":7}},"112":{"start":{"line":194,"column":8},"end":{"line":194,"column":54}},"113":{"start":{"line":195,"column":8},"end":{"line":200,"column":9}},"114":{"start":{"line":196,"column":10},"end":{"line":199,"column":13}},"115":{"start":{"line":202,"column":8},"end":{"line":202,"column":65}},"116":{"start":{"line":205,"column":6},"end":{"line":216,"column":7}},"117":{"start":{"line":206,"column":8},"end":{"line":206,"column":56}
[...]
"column":12},"end":{"line":182,"column":13}},"93":{"start":{"line":176,"column":16},"end":{"line":181,"column":17}},"94":{"start":{"line":177,"column":45},"end":{"line":177,"column":72}},"95":{"start":{"line":178,"column":20},"end":{"line":178,"column":50}},"96":{"start":{"line":180,"column":20},"end":{"line":180,"column":71}},"97":{"start":{"line":184,"column":12},"end":{"line":189,"column":13}},"98":{"start":{"line":185,"column":27},"end":{"line":185,"column":51}},"99":{"start":{"line":186,"column":32},"end":{"line":186,"column":122}},"100":{"start":{"line":187,"column":16},"end":{"line":187,"column":56}},"101":{"start":{"line":188,"column":16},"end":{"line":188,"column":23}},"102":{"start":{"line":191,"column":12},"end":{"line":209,"column":13}},"103":{"start":{"line":192,"column":32},"end":{"line":207,"column":17}},"104":{"start":{"line":208,"column":16},"end":{"line":208,"column":56}},"105":{"start":{"line":212,"column":12},"end":{"line":212,"column":83}},"106":{"start":{"line":217,"column":0},"end":{"line":217,"column":29}}},"fnMap":{"0":{"name":"(anonymous_0)","decl":{"start":{"line":7,"column":4},"end":{"line":7,"column":5}},"loc":{"start":{"line":7,"column":30},"end":{"line":18,"column":5}},"line":7},"1":{"name":"(anonymous_1)","decl":{"start":{"line":20,"column":4},"end":{"line":20,"column":5}},"loc":{"start":{"line":20,"column":16},"end":{"line":64,"column":5}},"line":20},"2":{"name":"(anonymous_2)","decl":{"start":{"line":27,"column":50},"end":{"line":27,"column":51}},"loc":{"start":{"line":27,"column":55},"end":{"line":27,"column":71}},"line":27},"3":{"name":"(anonymous_3)","decl":{"start":{"line":66,"column":4},"end":{"line":66,"column":5}},"loc":{"start":{"line":66,"column":28},"end":{"line":97,"column":5}},"line":66},"4":{"name":"(anonymous_4)","decl":{"start":{"line":99,"column":4},"end":{"line":99,"column":5}},"loc":{"start":{"line":99,"column":34},"end":{"line":124,"column":5}},"line":99},"5":{"name":"(anonymous_5)","decl":{"start":{"line":106,"column":73},"end":{"line":106,"column":74}},"loc":{"start":{"line":106,"column":79},"end":{"line":106,"column":82}},"line":106},"6":{"name":"(anonymous_6)","decl":{"start":{"line":107,"column":78},"end":{"line":107,"column":79}},"loc":{"start":{"line":107,"column":84},"end":{"line":107,"column":87}},"line":107},"7":{"name":"(anonymous_7)","decl":{"start":{"line":126,"column":4},"end":{"line":126,"column":5}},"loc":{"start":{"line":126,"column":43},"end":{"line":214,"column":5}},"line":126},"8":{"name":"(anonymous_8)","decl":{"start":{"line":128,"column":54},"end":{"line":128,"column":55}},"loc":{"start":{"line":128,"column":70},"end":{"line":172,"column":13}},"line":128}},"branchMap":{"0":{"loc":{"start":{"line":7,"column":16},"end":{"line":7,"column":28}},"type":"default-arg","locations":[{"start":{"line":7,"column":26},"end":{"line":7,"column":28}}],"line":7},"1":{"loc":{"start":{"line":10,"column":23},"end":{"line":10,"column":57}},"type":"binary-expr","locations":[{"start":{"line":10,"column":23},"end":{"line":10,"column":40}},{"start":{"line":10,"column":44},"end":{"line":10,"column":57}}],"line":10},"2":{"loc":{"start":{"line":11,"column":25},"end":{"line":11,"column":52}},"type":"binary-expr","locations":[{"start":{"line":11,"column":25},"end":{"line":11,"column":44}},{"start":{"line":11,"column":48},"end":{"line":11,"column":52}}],"line":11},"3":{"loc":{"start":{"line":12,"column":21},"end":{"line":12,"column":46}},"type":"binary-expr","locations":[{"start":{"line":12,"column":21},"end":{"line":12,"column":36}},{"start":{"line":12,"column":40},"end":{"line":12,"column":46}}],"line":12},"4":{"loc":{"start":{"line":13,"column":23},"end":{"line":13,"column":51}},"type":"binary-expr","locations":[{"start":{"line":13,"column":23},"end":{"line":13,"column":40}},{"start":{"line":13,"column":44},"end":{"line":13,"column":51}}],"line":13},"5":{"loc":{"start":{"line":30,"column":22},"end":{"line":30,"column":107}},"type":"cond-expr","locations":[{"start":{"line":30,"column":50},"end":{"line":30,"column":93}},{"start":{"line":30,"column":96},"end":{"line":30,"column":107}}],"line":30},"6":{"loc":{"start":{"line":58,"column":12},"end":{"line":61,"column":13}},"type":"if","locations":[{"start":{"line":58,"column":12},"end":{"line":61,"column":13}},{"start":{},"end":{}}],"line":58},"7":{"loc":{"start":{"line":58,"column":16},"end":{"line":58,"column":49}},"type":"binary-expr","locations":[{"start":{"line":58,"column":16},"end":{"line":58,"column":41}},{"start":{"line":58,"column":45},"end":{"line":58,"column":49}}],"line":58},"8":{"loc":{"start":{"line":62,"column":12},"end":{"line":62,"column":47}},"type":"if","locations":[{"start":{"line":62,"column":12},"end":{"line":62,"column":47}},{"start":{},"end":{}}],"line":62},"9":{"loc":{"start":{"line":67,"column":8},"end":{"line":96,"column":9}},"type":"if","locations":[{"start":{"line":67,"column":8},"end":{"line":96,"column":9}},{"start":{"line":94,"column":15},"end":{"line":96,"column":9}}],"line":67},"10":{"loc":{"start":{"line":67,"column":12},"end":{"line":67,"column":58}},"type":"binary-expr","locations":[{"start":{"line":67,"column":12},"end":{"line":67,"column":33}},{"start":{"line":67,"column":37},"end":{"line":67,"column":58}}],"line":67},"11":{"loc":{"start":{"line":71,"column":16},"end":{"line":73,"column":17}},"type":"if","locations":[{"start":{"line":71,"column":16},"end":{"line":73,"column":17}},{"start":{},"end":{}}],"line":71},"12":{"loc":{"start":{"line":77,"column":16},"end":{"line":81,"column":17}},"type":"if","locations":[{"start":{"line":77,"column":16},"end":{"line":81,"column":17}},{"start":{},"end":{}}],"line":77},"13":{"loc":{"start":{"line":84,"column":16},"end":{"line":88,"column":17}},"type":"if","locations":[{"start":{"line":84,"column":16},"end":{"line":88,"column":17}},{"start":{},"end":{}}],"line":84},"14":{"loc":{"start":{"line":113,"column":12},"end":{"line":117,"column":13}},"type":"if","locations":[{"start":{"line":113,"column":12},"end":{"line":117,"column":13}},{"start":{},"end":{}}],"line":113},"15":{"loc":{"start":{"line":135,"column":20},"end":{"line":135,"column":55}},"type":"if","locations":[{"start":{"line":135,"column":20},"end":{"line":135,"column":55}},{"start":{},"end":{}}],"line":135},"16":{"loc":{"start":{"line":139,"column":20},"end":{"line":139,"column":91}},"type":"if","locations":[{"start":{"line":139,"column":20},"end":{"line":139,"column":91}},{"start":{},"end":{}}],"line":139},"17":{"loc":{"start":{"line":139,"column":24},"end":{"line":139,"column":80}},"type":"binary-expr","locations":[{"start":{"line":139,"column":24},"end":{"line":139,"column":32}},{"start":{"line":139,"column":36},"end":{"line":139,"column":80}}],"line":139},"18":{"loc":{"start":{"line":146,"column":34},"end":{"line":146,"column":75}},"type":"cond-expr","locations":[{"start":{"line":146,"column":44},"end":{"line":146,"column":70}},{"start":{"line":146,"column":73},"end":{"line":146,"column":75}}],"line":146},"19":{"loc":{"start":{"line":147,"column":32},"end":{"line":147,"column":73}},"type":"cond-expr","locations":[{"start":{"line":147,"column":42},"end":{"line":147,"column":68}},{"start":{"line":147,"column":71},"end":{"line":147,"column":73}}],"line":147},"20":{"loc":{"start":{"line":148,"column":32},"end":{"line":148,"column":57}},"type":"cond-expr","locations":[{"start":{"line":148,"column":41},"end":{"line":148,"column":52}},{"start":{"line":148,"column":55},"end":{"line":148,"column":57}}],"line":148},"21":{"loc":{"start":{"line":149,"column":38},"end":{"line":149,"column":91}},"type":"cond-expr","locations":[{"start":{"line":149,"column":52},"end":{"line":149,"column":82}},{"start":{"line":149,"column":85},"end":{"line":149,"column":91}}],"line":149},"22":{"loc":{"start":{"line":150,"column":37},"end":{"line":150,"column":84}},"type":"cond-expr","locations":[{"start":{"line":150,"column":50},"end":{"line":150,"column":79}},{"start":{"line":150,"column":82},"end":{"line":150,"column":84}}],"line":150},"23":{"loc":{"start":{"line":152,"column":20},"end":{"line":169,"column":21}},"type":"if","locations":[{"start":{"line":152,"column":20},"end":{"line":169,"column":21}},{"start":{},"end":{}}],"line":152},"24":{"loc":{"start":{"line":174,"column":30},"end":{"line":174,"column":104}},"type":"binary-expr","locations":[{"start":{"line":174,"column":30},"end":{"line":174,"column":64}},{"start":{"line":174,"column":68},"end":{"line":174,"column":104}}],"line":174},"25":{"loc":{"start":{"line":175,"column":12},"end":{"line":182,"column":13}},"type":"if","locations":[{"start":{"line":175,"column":12},"end":{"line":182,"column":13}},{"start":{},"end":{}}],"line":175},"26":{"loc":{"start":{"line":184,"column":12},"end":{"line":189,"column":13}},"type":"if","locations":[{"start":{"line":184,"column":12},"end":{"line":189,"column":13}},{"start":{},"end":{}}],"line":184}},"s":{"0":1,"1":1,"2":1,"3":1,"4":5,"5":5,"6":5,"7":1,"8":1,"9":1,"10":1,"11":1,"12":2,"13":1,"14":1,"15":1,"16":1,"17":1,"18":1,"19":1,"20":1,"21":1,"22":1,"23":1,"24":1,"25":1,"26":1,"27":0,"28":1,"29":1,"30":1,"31":0,"32":0,"33":1,"34":1,"35":2,"36":1,"37":1,"38":1,"39":1,"40":1,"41":1,"42":1,"43":1,"44":1,"45":1,"46":1,"47":1,"48":1,"49":1,"50":1,"51":1,"52":0,"53":1,"54":1,"55":1,"56":1,"57":1,"58":1,"59":1,"60":1,"61":0,"62":0,"63":0,"64":1,"65":0,"66":2,"67":2,"68":0,"69":0,"70":0,"71":0,"72":0,"73":0,"74":0,"75":0,"76":0,"77":0,"78":0,"79":0,"80":0,"81":0,"82":0,"83":0,"84":0,"85":0,"86":0,"87":0,"88":0,"89":0,"90":0,"91":2,"92":2,"93":0,"94":0,"95":0,"96":0,"97":2,"98":1,"99":1,"100":1,"101":1,"102":1,"103":1,"104":1,"105":0,"106":1},"f":{"0":5,"1":1,"2":2,"3":2,"4":1,"5":0,"6":0,"7":2,"8":0},"b":{"0":[0],"1":[5,5],"2":[5,5],"3":[5,5],"4":[5,5],"5":[1,0],"6":[0,1],"7":[1,0],"8":[1,0],"9":[1,1],"10":[2,1],"11":[1,0],"12":[1,0],"13":[1,0],"14":[0,1],"15":[0,0],"16":[0,0],"17":[0,0],"18":[0,0],"19":[0,0],"20":[0,0],"21":[0,0],"22":[0,0],"23":[0,0],"24":[2,2],"25":[0,2],"26":[1,1]},"_coverageSchema":"1a1c01bbd47fc00a2c39e90264f33305004495a9","hash":"cca2c00a4b7d34b537ce548c6097c637688dc4b5"}
,"/Users/yo/Downloads/OneDrive_2025-11-28/PlayRight Automations/amazon-invoice-bot/src/utils/browser.js": {"path":"/Users/yo/Downloads/OneDrive_2025-11-28/PlayRight Automations/amazon-invoice-bot/src/utils/browser.js","statementMap":{"0":{"start":{"line":1,"column":21},"end":{"line":1,"column":42}},"1":{"start":{"line":2,"column":13},"end":{"line":2,"column":28}},"2":{"start":{"line":3,"column":11},"end":{"line":3,"column":24}},"3":{"start":{"line":13,"column":28},"end":{"line":13,"column":65}},"4":{"start":{"line":16,"column":8},"end":{"line":18,"column":9}},"5":{"start":{"line":17,"column":12},"end":{"line":17,"column":59}},"6":{"start":{"line":20,"column":8},"end":{"line":20,"column":94}},"7":{"start":{"line":22,"column":24},"end":{"line":26,"column":10}},"8":{"start":{"line":28,"column":21},"end":{"line":28,"column":44}},"9":{"start":{"line":29,"column":8},"end":{"line":29,"column":33}},"10":{"start":{"line":33,"column":0},"end":{"line":33,"column":32}}},"fnMap":{"0":{"name":"(anonymous_0)","decl":{"start":{"line":12,"column":4},"end":{"line":12,"column":5}},"loc":{"start":{"line":12,"column":55},"end":{"line":30,"column":5}},"line":12}},"branchMap":{"0":{"loc":{"start":{"line":12,"column":37},"end":{"line":12,"column":53}},"type":"default-arg","locations":[{"start":{"line":12,"column":48},"end":{"line":12,"column":53}}],"line":12},"1":{"loc":{"start":{"line":16,"column":8},"end":{"line":18,"column":9}},"type":"if","locations":[{"start":{"line":16,"column":8},"end":{"line":18,"column":9}},{"start":{},"end":{}}],"line":16}},"s":{"0":4,"1":4,"2":4,"3":2,"4":2,"5":1,"6":2,"7":2,"8":2,"9":2,"10":4},"f":{"0":2},"b":{"0":[1],"1":[1,1]},"_coverageSchema":"1a1c01bbd47fc00a2c39e90264f33305004495a9","hash":"dee6388047f0e9d68641d0702aadd72b74111f50"}
,"/Users/yo/Downloads/OneDrive_2025-11-28/PlayRight Automations/amazon-invoice-bot/src/utils/logger.js": {"path":"/Users/yo/Downloads/OneDrive_2025-11-28/PlayRight Automations/amazon-invoice-bot/src/utils/logger.js","statementMap":{"0":{"start":{"line":1,"column":16},"end":{"line":1,"column":34}},"1":{"start":{"line":2,"column":13},"end":{"line":2,"column":28}},"2":{"start":{"line":3,"column":11},"end":{"line":3,"column":24}},"3":{"start":{"line":6,"column":15},"end":{"line":6,"column":47}},"4":{"start":{"line":7,"column":0},"end":{"line":9,"column":1}},"5":{"start":{"line":8,"column":4},"end":{"line":8,"column":25}},"6":{"start":{"line":11,"column":15},"end":{"line":30,"column":2}},"7":{"start":{"line":36,"column":0},"end":{"line":43,"column":1}},"8":{"start":{"line":37,"column":4},"end":{"line":42,"column":8}},"9":{"start":{"line":45,"column":0},"end":{"line":45,"column":24}}},"fnMap":{},"branchMap":{"0":{"loc":{"start":{"line":7,"column":0},"end":{"line":9,"column":1}},"type":"if","locations":[{"start":{"line":7,"column":0},"end":{"line":9,"column":1}},{"start":{},"end":{}}],"line":7},"1":{"loc":{"start":{"line":12,"column":11},"end":{"line":12,"column":42}},"type":"binary-expr","locations":[{"start":{"line":12,"column":11},"end":{"line":12,"column":32}},{"start":{"line":12,"column":36},"end":{"line":12,"column":42}}],"line":12},"2":{"loc":{"start":{"line":36,"column":0},"end":{"line":43,"column":1}},"type":"if","locations":[{"start":{"line":36,"column":0},"end":{"line":43,"column":1}},{"start":{},"end":{}}],"line":36}},"s":{"0":4,"1":4,"2":4,"3":4,"4":4,"5":2,"6":4,"7":4,"8":4,"9":4},"f":{},"b":{"0":[2,2],"1":[4,4],"2":[4,0]},"_coverageSchema":"1a1c01bbd47fc00a2c39e90264f33305004495a9","hash":"3dbeec5995ac14c9601d485f9fa69876b43b83c6"}
,"/Users/yo/Downloads/OneDrive_2025-11-28/PlayRight Automations/amazon-invoice-bot/src/utils/secrets.js": {"path":"/Users/yo/Downloads/OneDrive_2025-11-28/PlayRight Automations/amazon-invoice-bot/src/utils/secrets.js","statementMap":{"0":{"start":{"line":3,"column":0},"end":{"line":3,"column":27}},"1":{"start":{"line":6,"column":2},"end":{"line":6,"column":39}},"2":{"start":{"line":10,"column":16},"end":{"line":10,"column":26}},"3":{"start":{"line":11,"column":2},"end":{"line":15,"column":3}},"4":{"start":{"line":12,"column":4},"end":{"line":14,"column":5}},"5":{"start":{"line":12,"column":23},"end":{"line":12,"column":50}},"6":{"start":{"line":13,"column":6},"end":{"line":13,"column":23}},"7":{"start":{"line":16,"column":2},"end":{"line":16,"column":15}},"8":{"start":{"line":19,"column":0},"end":{"line":19,"column":47}}},"fnMap":{"0":{"name":"getSecret","decl":{"start":{"line":5,"column":9},"end":{"line":5,"column":18}},"loc":{"start":{"line":5,"column":40},"end":{"line":7,"column":1}},"line":5},"1":{"name":"sanitizeObject","decl":{"start":{"line":9,"column":9},"end":{"line":9,"column":23}},"loc":{"start":{"line":9,"column":67},"end":{"line":17,"column":1}},"line":9},"2":{"name":"(anonymous_2)","decl":{"start":{"line":12,"column":18},"end":{"line":12,"column":19}},"loc":{"start":{"line":12,"column":23},"end":{"line":12,"column":50}},"line":12}},"branchMap":{"0":{"loc":{"start":{"line":5,"column":25},"end":{"line":5,"column":38}},"type":"default-arg","locations":[{"start":{"line":5,"column":36},"end":{"line":5,"column":38}}],"line":5},"1":{"loc":{"start":{"line":6,"column":9},"end":{"line":6,"column":38}},"type":"binary-expr","locations":[{"start":{"line":6,"column":9},"end":{"line":6,"column":26}},{"start":{"line":6,"column":30},"end":{"line":6,"column":38}}],"line":6},"2":{"loc":{"start":{"line":9,"column":29},"end":{"line":9,"column":65}},"type":"default-arg","locations":[{"start":{"line":9,"column":36},"end":{"line":9,"column":65}}],"line":9},"3":{"loc":{"start":{"line":12,"column":4},"end":{"line":14,"column":5}},"type":"if","locations":[{"start":{"line":12,"column":4},"end":{"line":14,"column":5}},{"start":{},"end":{}}],"line":12}},"s":{"0":4,"1":0,"2":6,"3":6,"4":64,"5":180,"6":11,"7":6,"8":4},"f":{"0":0,"1":6,"2":180},"b":{"0":[0],"1":[0,0],"2":[6],"3":[11,53]},"_coverageSchema":"1a1c01bbd47fc00a2c39e90264f33305004495a9","hash":"98cccc1c456065996638923f656228d60c05cef3"}
,"/Users/yo/Downloads/OneDrive_2025-11-28/PlayRight Automations/amazon-invoice-bot/src/utils/stealthBrowser.js": {"path":"/Users/yo/Downloads/OneDrive_2025-11-28/PlayRight Automations/amazon-invoice-bot/src/utils/stealthBrowser.js","statementMap":{"0":{"start":{"line":1,"column":21},"end":{"line":1,"column":48}},"1":{"start":{"line":2,"column":16},"end":{"line":2,"column":59}},"2":{"start":{"line":3,"column":13},"end":{"line":3,"column":28}},"3":{"start":{"line":4,"column":11},"end":{"line":4,"column":24}},"4":{"start":{"line":7,"column":0},"end":{"line":7,"column":22}},"5":{"start":{"line":17,"column":28},"end":{"line":17,"column":65}},"6":{"start":{"line":20,"column":8},"end":{"line":22,"column":9}},"7":{"start":{"line":21,"column":12},"end":{"line":21,"column":59}},"8":{"start":{"line":24,"column":8},"end":{"line":24,"column":102}},"9":{"start":{"line":26,"column":24},"end":{"line":46,"column":10}},"10":{"start":{"line":49,"column":8},"end":{"line":77,"column":11}},"11":{"start":{"line":51,"column":12},"end":{"line":53,"column":15}},"12":{"start":{"line":52,"column":27},"end":{"line":52,"column":36}},"13":{"start":{"line":56,"column":12},"end":{"line":58,"column":15}},"14":{"start":{"line":57,"column":27},"end":{"line":57,"column":42}},"15":{"start":{"line":61,"column":12},"end":{"line":63,"column":15}},"16":{"start":{"line":62,"column":27},"end":{"line":62,"column":42}},"17":{"start":{"line":66,"column":12},"end":{"line":68,"column":14}},"18":{"start":{"line":71,"column":34},"end":{"line":71,"column":68}},"19":{"start":{"line":72,"column":12},"end":{"line":76,"column":14}},"20":{"start":{"line":73,"column":16},"end":{"line":75,"column":45}},"21":{"start":{"line":79,"column":21},"end":{"line":79,"column":44}},"22":{"start":{"line":80,"column":8},"end":{"line":80,"column":33}},"23":{"start":{"line":84,"column":0},"end":{"line":84,"column":39}}},"fnMap":{"0":{"name":"(anonymous_0)","decl":{"start":{"line":16,"column":4},"end":{"line":16,"column":5}},"loc":{"start":{"line":16,"column":55},"end":{"line":81,"column":5}},"line":16},"1":{"name":"(anonymous_1)","decl":{"start":{"line":49,"column":36},"end":{"line":49,"column":37}},"loc":{"start":{"line":49,"column":42},"end":{"line":77,"column":9}},"line":49},"2":{"name":"(anonymous_2)","decl":{"start":{"line":52,"column":21},"end":{"line":52,"column":22}},"loc":{"start":{"line":52,"column":27},"end":{"line":52,"column":36}},"line":52},"3":{"name":"(anonymous_3)","decl":{"start":{"line":57,"column":21},"end":{"line":57,"column":22}},"loc":{"start":{"line":57,"column":27},"end":{"line":57,"column":42}},"line":57},"4":{"name":"(anonymous_4)","decl":{"start":{"line":62,"column":21},"end":{"line":62,"column":22}},"loc":{"start":{"line":62,"column":27},"end":{"line":62,"column":42}},"line":62},"5":{"name":"(anonymous_5)","decl":{"start":{"line":72,"column":49},"end":{"line":72,"column":50}},"loc":{"start":{"line":73,"column":16},"end":{"line":75,"column":45}},"line":73}},"branchMap":{"0":{"loc":{"start":{"line":16,"column":37},"end":{"line":16,"column":53}},"type":"default-arg","locations":[{"start":{"line":16,"column":48},"end":{"line":16,"column":53}}],"line":16},"1":{"loc":{"start":{"line":20,"column":8},"end":{"line":22,"column":9}},"type":"if","locations":[{"start":{"line":20,"column":8},"end":{"line":22,"column":9}},{"start":{},"end":{}}],"line":20},"2":{"loc":{"start":{"line":73,"column":16},"end":{"line":75,"column":45}},"type":"cond-expr","locations":[{"start":{"line":74,"column":20},"end":{"line":74,"column":71}},{"start":{"line":75,"column":20},"end":{"line":75,"column":45}}],"line":73}},"s":{"0":1,"1":1,"2":1,"3":1,"4":1,"5":0,"6":0,"7":0,"8":0,"9":0,"10":0,"11":0,"12":0,"13":0,"14":0,"15":0,"16":0,"17":0,"18":0,"19":0,"20":0,"21":0,"22":0,"23":1},"f":{"0":0,"1":0,"2":0,"3":0,"4":0,"5":0},"b":{"0":[0],"1":[0,0],"2":[0,0]},"_coverageSchema":"1a1c01bbd47fc00a2c39e90264f33305004495a9","hash":"bb152ae557738f8531bfb30c5b2b7824ca7c75b8"}
}
