TN:
SF:src/app.js
FN:18,(anonymous_0)
FN:20,(anonymous_1)
FN:45,(anonymous_2)
FN:56,(anonymous_3)
FN:68,(anonymous_4)
FN:73,(anonymous_5)
FN:80,(anonymous_6)
FNF:7
FNH:2
FNDA:1,(anonymous_0)
FNDA:3,(anonymous_1)
FNDA:0,(anonymous_2)
FNDA:0,(anonymous_3)
FNDA:0,(anonymous_4)
FNDA:0,(anonymous_5)
FNDA:0,(anonymous_6)
DA:1,1
DA:2,1
DA:3,1
DA:4,1
DA:5,1
DA:6,1
DA:7,1
DA:8,1
DA:9,1
DA:10,1
DA:12,1
DA:16,1
DA:18,1
DA:19,1
DA:21,3
DA:22,0
DA:28,1
DA:32,1
DA:35,1
DA:36,1
DA:39,1
DA:40,1
DA:41,1
DA:42,1
DA:45,1
DA:46,0
DA:48,0
DA:50,0
DA:56,0
DA:57,0
DA:59,0
DA:60,0
DA:61,0
DA:65,1
DA:66,1
DA:67,1
DA:70,0
DA:73,1
DA:74,0
DA:75,0
DA:80,1
DA:81,0
DA:82,0
DA:83,0
DA:86,1
LF:45
LH:30
BRDA:18,0,0,1
BRDA:18,0,1,1
BRDA:21,1,0,3
BRDA:21,1,1,0
BRDA:21,2,0,3
BRDA:21,2,1,0
BRDA:21,2,2,0
BRDA:48,3,0,0
BRDA:48,3,1,0
BRDA:48,4,0,0
BRDA:48,4,1,0
BRDA:57,5,0,0
BRDA:57,5,1,0
BRDA:60,6,0,0
BRDA:60,6,1,0
BRDA:66,7,0,1
BRDA:66,7,1,0
BRF:17
BRH:5
end_of_record
TN:
SF:src/adapters/ebayParser.js
FN:5,parseOffers
FN:9,(anonymous_1)
FNF:2
FNH:2
FNDA:1,parseOffers
FNDA:2,(anonymous_1)
DA:3,1
DA:6,1
DA:7,1
DA:8,1
DA:9,1
DA:10,2
DA:11,2
DA:12,2
DA:13,2
DA:14,2
DA:15,2
DA:16,2
DA:17,2
DA:19,2
DA:20,2
DA:38,1
DA:41,1
LF:17
LH:17
BRDA:5,0,0,0
BRDA:5,1,0,0
BRDA:10,2,0,0
BRDA:10,2,1,2
BRDA:13,3,0,0
BRDA:13,3,1,2
BRDA:13,4,0,2
BRDA:13,4,1,2
BRDA:15,5,0,2
BRDA:15,5,1,0
BRDA:16,6,0,2
BRDA:16,6,1,0
BRDA:19,7,0,2
BRDA:19,7,1,0
BRF:14
BRH:7
end_of_record
TN:
SF:src/config/config.js
FNF:0
FNH:0
DA:1,1
DA:3,1
DA:16,1
DA:17,0
DA:20,1
LF:5
LH:4
BRDA:4,0,0,1
BRDA:4,0,1,1
BRDA:5,1,0,1
BRDA:5,1,1,0
BRDA:11,2,0,1
BRDA:11,2,1,1
BRDA:16,3,0,0
BRDA:16,3,1,1
BRDA:16,4,0,1
BRDA:16,4,1,1
BRF:10
BRH:8
end_of_record
TN:
SF:src/controllers/amazonInvoiceController.js
FN:7,(anonymous_0)
FN:28,(anonymous_1)
FN:29,(anonymous_2)
FN:31,(anonymous_3)
FN:44,(anonymous_4)
FN:50,(anonymous_5)
FN:54,(anonymous_6)
FN:57,(anonymous_7)
FN:61,(anonymous_8)
FNF:9
FNH:0
FNDA:0,(anonymous_0)
FNDA:0,(anonymous_1)
FNDA:0,(anonymous_2)
FNDA:0,(anonymous_3)
FNDA:0,(anonymous_4)
FNDA:0,(anonymous_5)
FNDA:0,(anonymous_6)
FNDA:0,(anonymous_7)
FNDA:0,(anonymous_8)
DA:1,1
DA:2,1
DA:3,1
DA:4,1
DA:5,1
DA:7,1
DA:8,0
DA:9,0
DA:10,0
DA:11,0
DA:13,0
DA:14,0
DA:25,0
DA:26,0
DA:28,0
DA:29,0
DA:31,0
DA:32,0
DA:33,0
DA:34,0
DA:37,0
DA:39,0
DA:40,0
DA:44,1
DA:45,0
DA:46,0
DA:47,0
DA:50,1
DA:51,0
DA:54,1
DA:55,0
DA:56,0
DA:57,0
DA:58,0
DA:61,1
DA:62,0
DA:63,0
DA:64,0
DA:65,0
DA:66,0
LF:40
LH:10
BRDA:16,0,0,0
BRDA:16,0,1,0
BRDA:17,1,0,0
BRDA:17,1,1,0
BRDA:18,2,0,0
BRDA:18,2,1,0
BRDA:19,3,0,0
BRDA:19,3,1,0
BRDA:20,4,0,0
BRDA:20,4,1,0
BRDA:21,5,0,0
BRDA:21,5,1,0
BRDA:32,6,0,0
BRDA:32,6,1,0
BRDA:46,7,0,0
BRDA:46,7,1,0
BRDA:56,8,0,0
BRDA:56,8,1,0
BRDA:63,9,0,0
BRDA:63,9,1,0
BRDA:65,10,0,0
BRDA:65,10,1,0
BRF:22
BRH:0
end_of_record
TN:
SF:src/controllers/amazonSearchController.js
FN:6,(anonymous_0)
FN:31,(anonymous_1)
FN:32,(anonymous_2)
FN:34,(anonymous_3)
FN:59,(anonymous_4)
FN:68,(anonymous_5)
FN:69,(anonymous_6)
FN:69,(anonymous_7)
FN:72,(anonymous_8)
FN:78,(anonymous_9)
FNF:10
FNH:0
FNDA:0,(anonymous_0)
FNDA:0,(anonymous_1)
FNDA:0,(anonymous_2)
FNDA:0,(anonymous_3)
FNDA:0,(anonymous_4)
FNDA:0,(anonymous_5)
FNDA:0,(anonymous_6)
FNDA:0,(anonymous_7)
FNDA:0,(anonymous_8)
FNDA:0,(anonymous_9)
DA:1,1
DA:2,1
DA:3,1
DA:4,1
DA:6,1
DA:7,0
DA:8,0
DA:9,0
DA:10,0
DA:12,0
DA:13,0
DA:15,0
DA:28,0
DA:29,0
DA:30,0
DA:31,0
DA:32,0
DA:34,0
DA:35,0
DA:36,0
DA:37,0
DA:38,0
DA:39,0
DA:40,0
DA:41,0
DA:42,0
DA:44,0
DA:53,0
DA:54,0
DA:59,1
DA:60,0
DA:61,0
DA:62,0
DA:64,0
DA:65,0
DA:66,0
DA:68,0
DA:69,0
DA:70,0
DA:71,0
DA:72,0
DA:73,0
DA:74,0
DA:75,0
DA:78,0
DA:79,0
DA:80,0
DA:81,0
DA:82,0
DA:83,0
DA:84,0
DA:85,0
DA:88,0
DA:90,0
DA:91,0
DA:92,0
LF:56
LH:6
BRDA:10,0,0,0
BRDA:10,0,1,0
BRDA:12,1,0,0
BRDA:12,1,1,0
BRDA:18,2,0,0
BRDA:18,2,1,0
BRDA:19,3,0,0
BRDA:19,3,1,0
BRDA:20,4,0,0
BRDA:20,4,1,0
BRDA:20,5,0,0
BRDA:20,5,1,0
BRDA:21,6,0,0
BRDA:21,6,1,0
BRDA:22,7,0,0
BRDA:22,7,1,0
BRDA:47,8,0,0
BRDA:47,8,1,0
BRDA:48,9,0,0
BRDA:48,9,1,0
BRDA:49,10,0,0
BRDA:49,10,1,0
BRDA:62,11,0,0
BRDA:62,11,1,0
BRDA:66,12,0,0
BRDA:66,12,1,0
BRDA:73,13,0,0
BRDA:73,13,1,0
BRDA:78,14,0,0
BRDA:78,14,1,0
BRDA:78,15,0,0
BRDA:78,15,1,0
BRDA:84,16,0,0
BRDA:84,16,1,0
BRF:34
BRH:0
end_of_record
TN:
SF:src/controllers/scraperController.js
FN:7,(anonymous_0)
FN:36,(anonymous_1)
FN:37,(anonymous_2)
FN:39,(anonymous_3)
FN:63,(anonymous_4)
FN:72,(anonymous_5)
FN:73,(anonymous_6)
FN:73,(anonymous_7)
FN:76,(anonymous_8)
FN:82,(anonymous_9)
FNF:10
FNH:0
FNDA:0,(anonymous_0)
FNDA:0,(anonymous_1)
FNDA:0,(anonymous_2)
FNDA:0,(anonymous_3)
FNDA:0,(anonymous_4)
FNDA:0,(anonymous_5)
FNDA:0,(anonymous_6)
FNDA:0,(anonymous_7)
FNDA:0,(anonymous_8)
FNDA:0,(anonymous_9)
DA:1,1
DA:2,1
DA:3,1
DA:4,1
DA:5,1
DA:7,1
DA:8,0
DA:9,0
DA:10,0
DA:11,0
DA:13,0
DA:16,0
DA:18,0
DA:33,0
DA:34,0
DA:35,0
DA:36,0
DA:37,0
DA:39,0
DA:40,0
DA:41,0
DA:42,0
DA:43,0
DA:44,0
DA:45,0
DA:46,0
DA:47,0
DA:49,0
DA:58,0
DA:59,0
DA:63,1
DA:64,0
DA:65,0
DA:66,0
DA:68,0
DA:69,0
DA:70,0
DA:72,0
DA:73,0
DA:74,0
DA:75,0
DA:76,0
DA:77,0
DA:78,0
DA:79,0
DA:82,0
DA:83,0
DA:84,0
DA:85,0
DA:86,0
DA:87,0
DA:88,0
DA:89,0
DA:92,0
DA:94,0
DA:95,0
LF:56
LH:7
BRDA:11,0,0,0
BRDA:11,0,1,0
BRDA:13,1,0,0
BRDA:13,1,1,0
BRDA:21,2,0,0
BRDA:21,2,1,0
BRDA:22,3,0,0
BRDA:22,3,1,0
BRDA:23,4,0,0
BRDA:23,4,1,0
BRDA:23,5,0,0
BRDA:23,5,1,0
BRDA:24,6,0,0
BRDA:24,6,1,0
BRDA:25,7,0,0
BRDA:25,7,1,0
BRDA:29,8,0,0
BRDA:29,8,1,0
BRDA:30,9,0,0
BRDA:30,9,1,0
BRDA:52,10,0,0
BRDA:52,10,1,0
BRDA:53,11,0,0
BRDA:53,11,1,0
BRDA:54,12,0,0
BRDA:54,12,1,0
BRDA:66,13,0,0
BRDA:66,13,1,0
BRDA:70,14,0,0
BRDA:70,14,1,0
BRDA:77,15,0,0
BRDA:77,15,1,0
BRDA:82,16,0,0
BRDA:82,16,1,0
BRDA:82,17,0,0
BRDA:82,17,1,0
BRF:36
BRH:0
end_of_record
TN:
SF:src/controllers/validationController.js
FN:4,(anonymous_0)
FN:14,(anonymous_1)
FN:32,(anonymous_2)
FN:44,(anonymous_3)
FN:50,(anonymous_4)
FN:64,(anonymous_5)
FN:65,(anonymous_6)
FNF:7
FNH:0
FNDA:0,(anonymous_0)
FNDA:0,(anonymous_1)
FNDA:0,(anonymous_2)
FNDA:0,(anonymous_3)
FNDA:0,(anonymous_4)
FNDA:0,(anonymous_5)
FNDA:0,(anonymous_6)
DA:1,1
DA:2,1
DA:4,1
DA:5,0
DA:6,0
DA:7,0
DA:10,0
DA:11,0
DA:14,0
DA:15,0
DA:16,0
DA:19,0
DA:22,0
DA:24,0
DA:25,0
DA:29,0
DA:30,0
DA:31,0
DA:32,0
DA:33,0
DA:34,0
DA:38,0
DA:39,0
DA:42,0
DA:44,0
DA:45,0
DA:46,0
DA:48,0
DA:49,0
DA:50,0
DA:51,0
DA:57,0
DA:58,0
DA:59,0
DA:63,0
DA:64,0
DA:65,0
DA:67,0
DA:78,0
DA:79,0
LF:40
LH:3
BRDA:6,0,0,0
BRDA:6,0,1,0
BRDA:15,1,0,0
BRDA:15,1,1,0
BRDA:24,2,0,0
BRDA:24,2,1,0
BRDA:32,3,0,0
BRDA:32,3,1,0
BRDA:32,4,0,0
BRDA:32,4,1,0
BRDA:32,5,0,0
BRDA:32,5,1,0
BRDA:45,6,0,0
BRDA:45,6,1,0
BRDA:48,7,0,0
BRDA:48,7,1,0
BRDA:48,8,0,0
BRDA:48,8,1,0
BRDA:48,8,2,0
BRDA:50,9,0,0
BRDA:50,9,1,0
BRDA:50,10,0,0
BRDA:50,10,1,0
BRDA:57,11,0,0
BRDA:57,11,1,0
BRDA:71,12,0,0
BRDA:71,12,1,0
BRF:27
BRH:0
end_of_record
TN:
SF:src/jobs/jobRegistry.js
FN:17,(anonymous_0)
FN:32,(anonymous_1)
FN:40,(anonymous_2)
FN:47,(anonymous_3)
FN:50,(anonymous_4)
FN:51,(anonymous_5)
FNF:6
FNH:1
FNDA:0,(anonymous_0)
FNDA:0,(anonymous_1)
FNDA:0,(anonymous_2)
FNDA:0,(anonymous_3)
FNDA:1,(anonymous_4)
FNDA:0,(anonymous_5)
DA:3,1
DA:4,1
DA:5,0
DA:6,0
DA:8,0
DA:12,1
DA:13,1
DA:14,1
DA:16,1
DA:18,0
DA:19,0
DA:29,0
DA:30,0
DA:33,0
DA:34,0
DA:35,0
DA:36,0
DA:37,0
DA:38,0
DA:41,0
DA:42,0
DA:43,0
DA:44,0
DA:45,0
DA:48,0
DA:51,1
DA:64,1
LF:27
LH:8
BRDA:3,0,0,1
BRDA:3,0,1,0
BRDA:4,1,0,0
BRDA:4,1,1,1
BRDA:12,2,0,1
BRDA:12,2,1,0
BRDA:17,3,0,0
BRDA:34,4,0,0
BRDA:34,4,1,0
BRDA:38,5,0,0
BRDA:38,5,1,0
BRDA:40,6,0,0
BRDA:42,7,0,0
BRDA:42,7,1,0
BRDA:48,8,0,0
BRDA:48,8,1,0
BRF:16
BRH:3
end_of_record
TN:
SF:src/middleware/authApiKey.js
FN:1,authApiKey
FNF:1
FNH:1
FNDA:2,authApiKey
DA:1,1
DA:2,2
DA:3,2
DA:4,2
DA:5,1
DA:7,1
LF:6
LH:6
BRDA:2,0,0,2
BRDA:2,0,1,2
BRDA:3,1,0,2
BRDA:3,1,1,1
BRDA:4,2,0,1
BRDA:4,2,1,1
BRDA:4,3,0,2
BRDA:4,3,1,1
BRF:8
BRH:8
end_of_record
TN:
SF:src/middleware/validators.js
FN:12,validateAmazonInvoices
FN:29,validateAmazonSearchRun
FNF:2
FNH:1
FNDA:1,validateAmazonInvoices
FNDA:0,validateAmazonSearchRun
DA:1,1
DA:3,1
DA:13,1
DA:14,1
DA:15,0
DA:16,0
DA:19,1
DA:30,0
DA:31,0
DA:32,0
DA:33,0
DA:36,1
LF:12
LH:6
BRDA:14,0,0,1
BRDA:14,0,1,0
BRDA:31,1,0,0
BRDA:31,1,1,0
BRF:4
BRH:1
end_of_record
TN:
SF:src/routes/amazonInvoiceRoutes.js
FNF:0
FNH:0
DA:1,1
DA:2,1
DA:3,1
DA:4,1
DA:5,1
DA:7,1
DA:8,1
DA:9,1
DA:10,1
DA:11,1
DA:13,1
LF:11
LH:11
BRF:0
BRH:0
end_of_record
TN:
SF:src/routes/amazonSearchRoutes.js
FN:16,(anonymous_0)
FN:17,(anonymous_1)
FNF:2
FNH:0
FNDA:0,(anonymous_0)
FNDA:0,(anonymous_1)
DA:1,1
DA:2,1
DA:3,1
DA:4,1
DA:5,1
DA:6,1
DA:7,1
DA:8,1
DA:9,1
DA:12,1
DA:13,1
DA:15,1
DA:16,0
DA:17,0
DA:19,1
DA:22,1
DA:23,1
DA:24,1
DA:26,1
LF:19
LH:17
BRDA:13,0,0,0
BRDA:13,0,1,1
BRF:2
BRH:1
end_of_record
TN:
SF:src/routes/kpiRoutes.js
FN:5,(anonymous_0)
FN:9,(anonymous_1)
FN:10,(anonymous_2)
FN:11,(anonymous_3)
FN:12,(anonymous_4)
FNF:5
FNH:1
FNDA:1,(anonymous_0)
FNDA:0,(anonymous_1)
FNDA:0,(anonymous_2)
FNDA:0,(anonymous_3)
FNDA:0,(anonymous_4)
DA:1,1
DA:2,1
DA:3,1
DA:5,1
DA:6,1
DA:7,1
DA:8,1
DA:9,1
DA:10,1
DA:11,1
DA:12,1
DA:14,1
DA:22,0
DA:26,1
LF:14
LH:13
BRDA:12,0,0,0
BRDA:12,0,1,0
BRF:2
BRH:0
end_of_record
TN:
SF:src/routes/scraperRoutes.js
FN:14,(anonymous_0)
FN:15,(anonymous_1)
FNF:2
FNH:0
FNDA:0,(anonymous_0)
FNDA:0,(anonymous_1)
DA:1,1
DA:2,1
DA:3,1
DA:4,1
DA:5,1
DA:6,1
DA:7,1
DA:10,1
DA:11,1
DA:13,1
DA:14,0
DA:15,0
DA:17,1
DA:20,1
DA:21,1
DA:22,1
DA:24,1
LF:17
LH:15
BRDA:11,0,0,0
BRDA:11,0,1,1
BRF:2
BRH:1
end_of_record
TN:
SF:src/services/amazonService.js
FN:11,(anonymous_0)
FN:37,(anonymous_1)
FN:87,(anonymous_2)
FN:98,(anonymous_3)
FN:105,(anonymous_4)
FN:106,(anonymous_5)
FN:106,(anonymous_6)
FN:110,(anonymous_7)
FN:125,(anonymous_8)
FN:144,(anonymous_9)
FN:165,(anonymous_10)
FN:183,(anonymous_11)
FN:198,(anonymous_12)
FN:210,(anonymous_13)
FNF:14
FNH:7
FNDA:3,(anonymous_0)
FNDA:2,(anonymous_1)
FNDA:1,(anonymous_2)
FNDA:1,(anonymous_3)
FNDA:0,(anonymous_4)
FNDA:0,(anonymous_5)
FNDA:0,(anonymous_6)
FNDA:1,(anonymous_7)
FNDA:1,(anonymous_8)
FNDA:0,(anonymous_9)
FNDA:1,(anonymous_10)
FNDA:0,(anonymous_11)
FNDA:0,(anonymous_12)
FNDA:0,(anonymous_13)
DA:1,1
DA:2,1
DA:3,1
DA:4,1
DA:5,1
DA:12,3
DA:28,3
DA:29,0
DA:30,0
DA:33,3
DA:34,3
DA:38,2
DA:39,2
DA:43,2
DA:44,2
DA:46,1
DA:47,1
DA:50,1
DA:51,0
DA:53,1
DA:54,1
DA:57,1
DA:58,1
DA:60,1
DA:61,0
DA:65,1
DA:66,1
DA:69,1
DA:71,1
DA:72,0
DA:73,0
DA:77,1
DA:80,1
DA:82,2
DA:83,2
DA:88,1
DA:89,1
DA:90,1
DA:91,1
DA:92,67
DA:93,67
DA:95,1
DA:99,1
DA:101,1
DA:102,1
DA:103,1
DA:105,1
DA:106,0
DA:109,1
DA:110,1
DA:112,1
DA:113,1
DA:114,1
DA:115,1
DA:117,0
DA:118,0
DA:121,1
DA:122,1
DA:125,1
DA:126,1
DA:127,1
DA:128,1
DA:129,1
DA:130,1
DA:131,1
DA:132,0
DA:134,1
DA:137,1
DA:138,0
DA:141,1
DA:145,0
DA:146,0
DA:147,0
DA:148,0
DA:149,0
DA:150,0
DA:151,0
DA:153,0
DA:154,0
DA:155,0
DA:157,0
DA:159,0
DA:161,0
DA:162,0
DA:166,1
DA:167,1
DA:168,1
DA:169,1
DA:170,1
DA:172,1
DA:173,0
DA:174,0
DA:177,1
DA:178,1
DA:179,1
DA:184,0
DA:185,0
DA:186,0
DA:187,0
DA:188,0
DA:189,0
DA:190,0
DA:191,0
DA:193,0
DA:194,0
DA:195,0
DA:196,0
DA:202,0
DA:205,0
DA:206,0
DA:207,0
DA:208,0
DA:213,0
DA:215,0
DA:218,0
DA:219,0
DA:220,0
DA:221,0
DA:223,0
DA:226,0
DA:227,0
DA:228,0
DA:234,1
DA:235,0
DA:236,0
DA:237,0
DA:238,0
DA:239,0
DA:240,0
DA:245,0
DA:259,0
DA:262,1
LF:132
LH:70
BRDA:11,0,0,0
BRDA:13,1,0,3
BRDA:13,1,1,0
BRDA:16,2,0,3
BRDA:16,2,1,3
BRDA:17,3,0,3
BRDA:17,3,1,3
BRDA:21,4,0,3
BRDA:21,4,1,3
BRDA:23,5,0,3
BRDA:23,5,1,3
BRDA:23,5,2,0
BRDA:24,6,0,3
BRDA:24,6,1,3
BRDA:24,6,2,0
BRDA:25,7,0,3
BRDA:25,7,1,3
BRDA:28,8,0,0
BRDA:28,8,1,3
BRDA:29,9,0,0
BRDA:29,9,1,0
BRDA:30,10,0,0
BRDA:30,10,1,0
BRDA:33,11,0,3
BRDA:33,11,1,0
BRDA:34,12,0,0
BRDA:34,12,1,3
BRDA:50,13,0,0
BRDA:50,13,1,1
BRDA:50,14,0,1
BRDA:50,14,1,0
BRDA:50,14,2,0
BRDA:60,15,0,0
BRDA:60,15,1,1
BRDA:71,16,0,0
BRDA:71,16,1,1
BRDA:83,17,0,1
BRDA:83,17,1,1
BRDA:93,18,0,67
BRDA:93,18,1,0
BRDA:106,19,0,0
BRDA:106,19,1,0
BRDA:113,20,0,1
BRDA:113,20,1,0
BRDA:129,21,0,0
BRDA:129,21,1,1
BRDA:130,22,0,0
BRDA:130,22,1,1
BRDA:130,23,0,1
BRDA:130,23,1,0
BRDA:137,24,0,0
BRDA:137,24,1,1
BRDA:151,25,0,0
BRDA:151,25,1,0
BRDA:153,26,0,0
BRDA:153,26,1,0
BRDA:153,27,0,0
BRDA:153,27,1,0
BRDA:169,28,0,1
BRDA:169,28,1,0
BRDA:172,29,0,0
BRDA:172,29,1,1
BRDA:172,30,0,1
BRDA:172,30,1,0
BRDA:193,31,0,0
BRDA:193,31,1,0
BRDA:195,32,0,0
BRDA:195,32,1,0
BRDA:205,33,0,0
BRDA:205,33,1,0
BRDA:207,34,0,0
BRDA:207,34,1,0
BRDA:220,35,0,0
BRDA:220,35,1,0
BRDA:234,36,0,0
BRDA:234,36,1,1
BRDA:238,37,0,0
BRDA:238,37,1,0
BRDA:240,38,0,0
BRDA:240,38,1,0
BRF:80
BRH:32
end_of_record
TN:
SF:src/services/baseScraper.js
FN:13,(anonymous_0)
FN:47,(anonymous_1)
FN:52,(anonymous_2)
FN:95,(anonymous_3)
FN:102,(anonymous_4)
FN:106,(anonymous_5)
FN:123,(anonymous_6)
FN:125,(anonymous_7)
FN:137,(anonymous_8)
FN:146,(anonymous_9)
FN:153,(anonymous_10)
FN:156,(anonymous_11)
FN:166,(anonymous_12)
FN:167,(anonymous_13)
FN:174,(anonymous_14)
FN:180,(anonymous_15)
FN:189,(anonymous_16)
FN:200,(anonymous_17)
FNF:18
FNH:13
FNDA:7,(anonymous_0)
FNDA:1,(anonymous_1)
FNDA:2,(anonymous_2)
FNDA:0,(anonymous_3)
FNDA:0,(anonymous_4)
FNDA:3,(anonymous_5)
FNDA:3,(anonymous_6)
FNDA:6,(anonymous_7)
FNDA:0,(anonymous_8)
FNDA:0,(anonymous_9)
FNDA:0,(anonymous_10)
FNDA:2,(anonymous_11)
FNDA:3,(anonymous_12)
FNDA:42,(anonymous_13)
FNDA:2,(anonymous_14)
FNDA:2,(anonymous_15)
FNDA:2,(anonymous_16)
FNDA:2,(anonymous_17)
DA:1,2
DA:2,2
DA:3,2
DA:4,2
DA:5,2
DA:6,2
DA:14,7
DA:35,7
DA:36,0
DA:39,7
DA:40,7
DA:48,1
DA:49,1
DA:51,1
DA:52,2
DA:53,1
DA:55,1
DA:56,1
DA:58,1
DA:62,1
DA:63,1
DA:65,1
DA:66,1
DA:67,1
DA:70,1
DA:72,1
DA:73,1
DA:74,1
DA:75,1
DA:79,0
DA:81,1
DA:83,1
DA:84,1
DA:85,0
DA:86,0
DA:88,1
DA:96,0
DA:103,0
DA:107,3
DA:108,0
DA:110,0
DA:113,3
DA:114,3
DA:115,3
DA:116,0
DA:117,0
DA:119,0
DA:124,3
DA:125,6
DA:127,3
DA:128,0
DA:131,0
DA:132,0
DA:134,0
DA:138,0
DA:139,0
DA:140,0
DA:141,0
DA:143,0
DA:144,0
DA:145,0
DA:146,0
DA:147,0
DA:148,0
DA:149,0
DA:152,0
DA:153,0
DA:157,2
DA:158,0
DA:161,2
DA:162,0
DA:167,3
DA:168,42
DA:169,42
DA:171,3
DA:175,2
DA:176,2
DA:177,2
DA:181,2
DA:182,2
DA:184,2
DA:185,2
DA:187,2
DA:189,2
DA:190,2
DA:192,2
DA:193,2
DA:194,2
DA:197,2
DA:198,2
DA:200,2
DA:201,2
DA:202,2
DA:203,2
DA:206,2
DA:209,2
DA:210,2
DA:211,2
DA:213,0
DA:218,2
LF:100
LH:69
BRDA:13,0,0,0
BRDA:17,1,0,7
BRDA:17,1,1,7
BRDA:21,2,0,7
BRDA:21,2,1,1
BRDA:22,3,0,7
BRDA:22,3,1,0
BRDA:23,4,0,7
BRDA:23,4,1,0
BRDA:24,5,0,7
BRDA:24,5,1,7
BRDA:25,6,0,7
BRDA:25,6,1,0
BRDA:26,7,0,7
BRDA:26,7,1,7
BRDA:27,8,0,7
BRDA:27,8,1,7
BRDA:28,9,0,7
BRDA:28,9,1,7
BRDA:29,10,0,7
BRDA:29,10,1,0
BRDA:30,11,0,7
BRDA:30,11,1,7
BRDA:31,12,0,7
BRDA:31,12,1,6
BRDA:32,13,0,7
BRDA:32,13,1,6
BRDA:35,14,0,0
BRDA:35,14,1,7
BRDA:55,15,0,1
BRDA:55,15,1,0
BRDA:65,16,0,1
BRDA:65,16,1,0
BRDA:84,17,0,0
BRDA:84,17,1,1
BRDA:84,18,0,1
BRDA:84,18,1,0
BRDA:88,19,0,1
BRDA:88,19,1,0
BRDA:107,20,0,0
BRDA:107,20,1,3
BRDA:107,21,0,3
BRDA:107,21,1,3
BRDA:114,22,0,3
BRDA:114,22,1,0
BRDA:116,23,0,0
BRDA:116,23,1,0
BRDA:116,24,0,0
BRDA:116,24,1,0
BRDA:127,25,0,3
BRDA:127,25,1,0
BRDA:128,26,0,0
BRDA:128,26,1,0
BRDA:132,27,0,0
BRDA:132,27,1,0
BRDA:134,28,0,0
BRDA:134,28,1,0
BRDA:139,29,0,0
BRDA:139,29,1,0
BRDA:144,30,0,0
BRDA:144,30,1,0
BRDA:145,31,0,0
BRDA:145,31,1,0
BRDA:147,32,0,0
BRDA:147,32,1,0
BRDA:148,33,0,0
BRDA:148,33,1,0
BRDA:152,34,0,0
BRDA:152,34,1,0
BRDA:157,35,0,0
BRDA:157,35,1,2
BRDA:161,36,0,0
BRDA:161,36,1,2
BRDA:168,37,0,3
BRDA:168,37,1,39
BRDA:169,38,0,0
BRDA:169,38,1,42
BRDA:182,39,0,0
BRDA:182,39,1,2
BRDA:187,40,0,0
BRDA:187,40,1,2
BRDA:194,41,0,0
BRDA:194,41,1,2
BRDA:201,42,0,2
BRDA:201,42,1,0
BRF:85
BRH:42
end_of_record
TN:
SF:src/services/brokerbinService.js
FN:7,(anonymous_0)
FN:24,(anonymous_1)
FN:29,(anonymous_2)
FN:63,(anonymous_3)
FN:68,(anonymous_4)
FN:98,(anonymous_5)
FN:105,(anonymous_6)
FN:130,(anonymous_7)
FN:138,(anonymous_8)
FN:238,(anonymous_9)
FNF:10
FNH:7
FNDA:2,(anonymous_0)
FNDA:1,(anonymous_1)
FNDA:1,(anonymous_2)
FNDA:1,(anonymous_3)
FNDA:0,(anonymous_4)
FNDA:1,(anonymous_5)
FNDA:0,(anonymous_6)
FNDA:1,(anonymous_7)
FNDA:0,(anonymous_8)
FNDA:1,(anonymous_9)
DA:1,1
DA:2,1
DA:3,1
DA:4,1
DA:8,2
DA:20,2
DA:21,2
DA:26,1
DA:30,1
DA:31,0
DA:32,0
DA:33,0
DA:34,0
DA:37,0
DA:38,0
DA:41,0
DA:42,0
DA:43,0
DA:45,0
DA:46,0
DA:47,0
DA:49,0
DA:53,0
DA:54,0
DA:55,0
DA:58,1
DA:59,1
DA:64,1
DA:65,1
DA:66,1
DA:68,1
DA:69,1
DA:70,0
DA:71,0
DA:72,0
DA:73,0
DA:74,0
DA:78,1
DA:79,0
DA:80,0
DA:83,1
DA:84,0
DA:88,1
DA:89,1
DA:91,1
DA:94,0
DA:99,1
DA:100,1
DA:101,1
DA:105,1
DA:106,0
DA:107,0
DA:108,0
DA:109,0
DA:110,0
DA:111,0
DA:114,1
DA:115,1
DA:116,1
DA:117,1
DA:118,1
DA:119,1
DA:122,0
DA:123,0
DA:124,0
DA:125,0
DA:126,0
DA:131,1
DA:132,1
DA:133,1
DA:135,1
DA:136,1
DA:138,1
DA:139,1
DA:140,1
DA:143,1
DA:144,0
DA:146,0
DA:147,0
DA:148,0
DA:149,0
DA:150,0
DA:151,0
DA:153,0
DA:155,0
DA:156,0
DA:157,0
DA:159,0
DA:160,0
DA:161,0
DA:162,0
DA:163,0
DA:164,0
DA:167,0
DA:168,0
DA:169,0
DA:170,0
DA:171,0
DA:172,0
DA:173,0
DA:174,0
DA:175,0
DA:179,0
DA:180,0
DA:181,0
DA:182,0
DA:183,0
DA:184,0
DA:185,0
DA:188,0
DA:189,0
DA:190,0
DA:191,0
DA:192,0
DA:195,0
DA:196,0
DA:197,0
DA:198,0
DA:199,0
DA:200,0
DA:202,0
DA:203,0
DA:204,0
DA:205,0
DA:209,0
DA:210,0
DA:211,0
DA:212,0
DA:213,0
DA:214,0
DA:217,0
DA:218,0
DA:219,0
DA:221,0
DA:222,0
DA:224,0
DA:230,0
DA:232,0
DA:235,1
DA:240,1
DA:241,1
DA:242,0
DA:243,0
DA:244,0
DA:245,0
DA:246,0
DA:247,0
DA:248,0
DA:254,0
DA:257,1
DA:262,1
DA:263,0
DA:264,0
DA:265,0
DA:266,0
DA:267,0
DA:268,0
DA:272,0
DA:291,0
DA:294,1
LF:160
LH:46
BRDA:7,0,0,0
BRDA:10,1,0,2
BRDA:10,1,1,2
BRDA:10,1,2,2
BRDA:11,2,0,2
BRDA:11,2,1,2
BRDA:11,2,2,2
BRDA:12,3,0,2
BRDA:12,3,1,2
BRDA:13,4,0,2
BRDA:13,4,1,2
BRDA:14,5,0,2
BRDA:14,5,1,2
BRDA:15,6,0,2
BRDA:15,6,1,2
BRDA:30,7,0,0
BRDA:30,7,1,1
BRDA:30,8,0,1
BRDA:30,8,1,0
BRDA:33,9,0,0
BRDA:33,9,1,0
BRDA:41,10,0,0
BRDA:41,10,1,0
BRDA:65,11,0,1
BRDA:65,11,1,1
BRDA:69,12,0,0
BRDA:69,12,1,1
BRDA:71,13,0,0
BRDA:71,13,1,0
BRDA:78,14,0,0
BRDA:78,14,1,1
BRDA:83,15,0,0
BRDA:83,15,1,1
BRDA:88,16,0,1
BRDA:88,16,1,0
BRDA:100,17,0,1
BRDA:100,17,1,0
BRDA:106,18,0,0
BRDA:106,18,1,0
BRDA:107,19,0,0
BRDA:107,19,1,0
BRDA:108,20,0,0
BRDA:108,20,1,0
BRDA:110,21,0,0
BRDA:110,21,1,0
BRDA:111,22,0,0
BRDA:111,22,1,0
BRDA:111,22,2,0
BRDA:114,23,0,1
BRDA:114,23,1,0
BRDA:136,24,0,1
BRDA:136,24,1,0
BRDA:148,25,0,0
BRDA:148,25,1,0
BRDA:149,26,0,0
BRDA:149,26,1,0
BRDA:151,27,0,0
BRDA:151,27,1,0
BRDA:153,28,0,0
BRDA:153,28,1,0
BRDA:157,29,0,0
BRDA:157,29,1,0
BRDA:163,30,0,0
BRDA:163,30,1,0
BRDA:164,31,0,0
BRDA:164,31,1,0
BRDA:164,32,0,0
BRDA:164,32,1,0
BRDA:164,32,2,0
BRDA:171,33,0,0
BRDA:171,33,1,0
BRDA:173,34,0,0
BRDA:173,34,1,0
BRDA:174,35,0,0
BRDA:174,35,1,0
BRDA:181,36,0,0
BRDA:181,36,1,0
BRDA:182,37,0,0
BRDA:182,37,1,0
BRDA:183,38,0,0
BRDA:183,38,1,0
BRDA:185,39,0,0
BRDA:185,39,1,0
BRDA:190,40,0,0
BRDA:190,40,1,0
BRDA:192,41,0,0
BRDA:192,41,1,0
BRDA:197,42,0,0
BRDA:197,42,1,0
BRDA:200,43,0,0
BRDA:200,43,1,0
BRDA:204,44,0,0
BRDA:204,44,1,0
BRDA:205,45,0,0
BRDA:205,45,1,0
BRDA:205,46,0,0
BRDA:205,46,1,0
BRDA:205,46,2,0
BRDA:211,47,0,0
BRDA:211,47,1,0
BRDA:212,48,0,0
BRDA:212,48,1,0
BRDA:213,49,0,0
BRDA:213,49,1,0
BRDA:214,50,0,0
BRDA:214,50,1,0
BRDA:214,51,0,0
BRDA:214,51,1,0
BRDA:214,51,2,0
BRDA:219,52,0,0
BRDA:219,52,1,0
BRDA:219,53,0,0
BRDA:219,53,1,0
BRDA:221,54,0,0
BRDA:221,54,1,0
BRDA:222,55,0,0
BRDA:222,55,1,0
BRDA:222,56,0,0
BRDA:222,56,1,0
BRDA:225,57,0,0
BRDA:225,57,1,0
BRDA:230,58,0,0
BRDA:230,58,1,0
BRDA:243,59,0,0
BRDA:243,59,1,0
BRDA:244,60,0,0
BRDA:244,60,1,0
BRDA:245,61,0,0
BRDA:245,61,1,0
BRDA:247,62,0,0
BRDA:247,62,1,0
BRDA:247,63,0,0
BRDA:247,63,1,0
BRDA:262,64,0,0
BRDA:262,64,1,1
BRDA:266,65,0,0
BRDA:266,65,1,0
BRDA:268,66,0,0
BRDA:268,66,1,0
BRF:139
BRH:26
end_of_record
TN:
SF:src/services/ebayService.js
FN:7,(anonymous_0)
FN:20,(anonymous_1)
FN:27,(anonymous_2)
FN:66,(anonymous_3)
FN:99,(anonymous_4)
FN:106,(anonymous_5)
FN:107,(anonymous_6)
FN:126,(anonymous_7)
FN:128,(anonymous_8)
FNF:9
FNH:6
FNDA:5,(anonymous_0)
FNDA:1,(anonymous_1)
FNDA:2,(anonymous_2)
FNDA:2,(anonymous_3)
FNDA:1,(anonymous_4)
FNDA:0,(anonymous_5)
FNDA:0,(anonymous_6)
FNDA:2,(anonymous_7)
FNDA:0,(anonymous_8)
DA:1,1
DA:2,1
DA:3,1
DA:4,1
DA:8,5
DA:16,5
DA:17,5
DA:22,1
DA:23,1
DA:24,1
DA:26,1
DA:27,2
DA:28,1
DA:30,1
DA:31,1
DA:33,1
DA:37,1
DA:38,1
DA:40,1
DA:41,1
DA:42,1
DA:44,1
DA:46,1
DA:47,1
DA:48,1
DA:49,1
DA:53,0
DA:55,1
DA:57,1
DA:58,1
DA:59,0
DA:60,0
DA:62,1
DA:67,2
DA:68,1
DA:69,1
DA:70,1
DA:71,1
DA:72,1
DA:76,1
DA:77,1
DA:78,1
DA:79,1
DA:80,1
DA:83,1
DA:84,1
DA:85,1
DA:86,1
DA:87,1
DA:90,1
DA:92,0
DA:95,1
DA:100,1
DA:101,1
DA:102,1
DA:105,1
DA:110,1
DA:111,1
DA:113,1
DA:114,0
DA:115,0
DA:116,0
DA:119,1
DA:122,0
DA:127,2
DA:128,2
DA:129,0
DA:130,0
DA:132,0
DA:134,0
DA:135,0
DA:137,0
DA:138,0
DA:139,0
DA:141,0
DA:142,0
DA:143,0
DA:144,0
DA:146,0
DA:147,0
DA:148,0
DA:149,0
DA:150,0
DA:152,0
DA:153,0
DA:171,0
DA:174,2
DA:175,2
DA:176,0
DA:177,0
DA:178,0
DA:180,0
DA:184,2
DA:185,1
DA:186,1
DA:187,1
DA:188,1
DA:191,1
DA:192,1
DA:208,1
DA:212,0
DA:217,1
LF:102
LH:69
BRDA:7,0,0,0
BRDA:10,1,0,5
BRDA:10,1,1,5
BRDA:11,2,0,5
BRDA:11,2,1,5
BRDA:12,3,0,5
BRDA:12,3,1,5
BRDA:13,4,0,5
BRDA:13,4,1,5
BRDA:30,5,0,1
BRDA:30,5,1,0
BRDA:58,6,0,0
BRDA:58,6,1,1
BRDA:58,7,0,1
BRDA:58,7,1,0
BRDA:62,8,0,1
BRDA:62,8,1,0
BRDA:67,9,0,1
BRDA:67,9,1,1
BRDA:67,10,0,2
BRDA:67,10,1,1
BRDA:71,11,0,1
BRDA:71,11,1,0
BRDA:77,12,0,1
BRDA:77,12,1,0
BRDA:84,13,0,1
BRDA:84,13,1,0
BRDA:113,14,0,0
BRDA:113,14,1,1
BRDA:135,15,0,0
BRDA:135,15,1,0
BRDA:139,16,0,0
BRDA:139,16,1,0
BRDA:139,17,0,0
BRDA:139,17,1,0
BRDA:146,18,0,0
BRDA:146,18,1,0
BRDA:147,19,0,0
BRDA:147,19,1,0
BRDA:148,20,0,0
BRDA:148,20,1,0
BRDA:149,21,0,0
BRDA:149,21,1,0
BRDA:150,22,0,0
BRDA:150,22,1,0
BRDA:152,23,0,0
BRDA:152,23,1,0
BRDA:174,24,0,2
BRDA:174,24,1,2
BRDA:175,25,0,0
BRDA:175,25,1,2
BRDA:184,26,0,1
BRDA:184,26,1,1
BRF:53
BRH:25
end_of_record
TN:
SF:src/utils/browser.js
FN:12,(anonymous_0)
FNF:1
FNH:1
FNDA:2,(anonymous_0)
DA:1,4
DA:2,4
DA:3,4
DA:13,2
DA:16,2
DA:17,1
DA:20,2
DA:22,2
DA:28,2
DA:29,2
DA:33,4
LF:11
LH:11
BRDA:12,0,0,1
BRDA:16,1,0,1
BRDA:16,1,1,1
BRF:3
BRH:3
end_of_record
TN:
SF:src/utils/logger.js
FNF:0
FNH:0
DA:1,4
DA:2,4
DA:3,4
DA:6,4
DA:7,4
DA:8,2
DA:11,4
DA:36,4
DA:37,4
DA:45,4
LF:10
LH:10
BRDA:7,0,0,2
BRDA:7,0,1,2
BRDA:12,1,0,4
BRDA:12,1,1,4
BRDA:36,2,0,4
BRDA:36,2,1,0
BRF:6
BRH:5
end_of_record
TN:
SF:src/utils/secrets.js
FN:5,getSecret
FN:9,sanitizeObject
FN:12,(anonymous_2)
FNF:3
FNH:2
FNDA:0,getSecret
FNDA:6,sanitizeObject
FNDA:180,(anonymous_2)
DA:3,4
DA:6,0
DA:10,6
DA:11,6
DA:12,180
DA:13,11
DA:16,6
DA:19,4
LF:8
LH:7
BRDA:5,0,0,0
BRDA:6,1,0,0
BRDA:6,1,1,0
BRDA:9,2,0,6
BRDA:12,3,0,11
BRDA:12,3,1,53
BRF:6
BRH:3
end_of_record
TN:
SF:src/utils/stealthBrowser.js
FN:16,(anonymous_0)
FN:49,(anonymous_1)
FN:52,(anonymous_2)
FN:57,(anonymous_3)
FN:62,(anonymous_4)
FN:72,(anonymous_5)
FNF:6
FNH:0
FNDA:0,(anonymous_0)
FNDA:0,(anonymous_1)
FNDA:0,(anonymous_2)
FNDA:0,(anonymous_3)
FNDA:0,(anonymous_4)
FNDA:0,(anonymous_5)
DA:1,1
DA:2,1
DA:3,1
DA:4,1
DA:7,1
DA:17,0
DA:20,0
DA:21,0
DA:24,0
DA:26,0
DA:49,0
DA:51,0
DA:52,0
DA:56,0
DA:57,0
DA:61,0
DA:62,0
DA:66,0
DA:71,0
DA:72,0
DA:73,0
DA:79,0
DA:80,0
DA:84,1
LF:24
LH:6
BRDA:16,0,0,0
BRDA:20,1,0,0
BRDA:20,1,1,0
BRDA:73,2,0,0
BRDA:73,2,1,0
BRF:5
BRH:0
end_of_record
